A01488:311:HHFKJDSXC:1:1101:1524:1000 1:N:0:ACGTACCA+NCCATGCA 150 0 150 0
A01488:311:HHFKJDSXC:1:1101:1524:1000 2:N:0:ACGTACCA+NCCATGCA 150 0 150 0
A01488:311:HHFKJDSXC:1:1101:1687:1000 1:N:0:ACGTACCA+NCCATGCA 150 0 150 0
A01488:311:HHFKJDSXC:1:1101:1687:1000 2:N:0:ACGTACCA+NCCATGCA 150 0 150 0
A01488:311:HHFKJDSXC:1:1101:1850:1000 1:N:0:ACGTACCA+NCCATGCA 150 0 150 0
A01488:311:HHFKJDSXC:1:1101:1850:1000 2:N:0:ACGTACCA+NCCATGCA 150 0 150 0
A01488:311:HHFKJDSXC:1:1101:2085:1000 1:N:0:ACGTACCA+NCCATGCA 150 0 150 0
A01488:311:HHFKJDSXC:1:1101:2085:1000 2:N:0:ACGTACCA+NCCATGCA 150 0 150 0
A01488:311:HHFKJDSXC:1:1101:3260:1000 1:N:0:ACGTACCA+NCCATGCA 150 0 150 0
A01488:311:HHFKJDSXC:1:1101:3260:1000 2:N:0:ACGTACCA+NCCATGCA 150 0 150 0
A01488:311:HHFKJDSXC:1:1101:3604:1000 1:N:0:ACGTACCA+NCCATGCA 150 0 150 0
A01488:311:HHFKJDSXC:1:1101:3604:1000 2:N:0:ACGTACCA+NCCATGCA 150 0 150 0
A01488:311:HHFKJDSXC:1:1101:4887:1000 1:N:0:ACGTACCA+NCCATGCA 150 0 150 0
A01488:311:HHFKJDSXC:1:1101:4887:1000 2:N:0:ACGTACCA+NCCATGCA 150 0 150 0
A01488:311:HHFKJDSXC:1:1101:5032:1000 1:N:0:ACGTACCA+NCCATGCA 150 0 150 0
A01488:311:HHFKJDSXC:1:1101:5032:1000 2:N:0:ACGTACCA+NCCATGCA 150 0 150 0
A01488:311:HHFKJDSXC:1:1101:5737:1000 1:N:0:ACGTACCA+NCCATGCA 150 0 150 0
A01488:311:HHFKJDSXC:1:1101:5737:1000 2:N:0:ACGTACCA+NCCATGCA 150 0 150 0
A01488:311:HHFKJDSXC:1:1101:5773:1000 1:N:0:ACGTACCA+NCCATGCA 150 0 150 0
A01488:311:HHFKJDSXC:1:1101:5773:1000 2:N:0:ACGTACCA+NCCATGCA 150 0 150 0
A01488:311:HHFKJDSXC:1:1101:5954:1000 1:N:0:ACGTACCA+NCCATGCA 150 0 150 0
A01488:311:HHFKJDSXC:1:1101:5954:1000 2:N:0:ACGTACCA+NCCATGCA 150 0 150 0
A01488:311:HHFKJDSXC:1:1101:6027:1000 1:N:0:ACGTACCA+NCCATGCA 150 0 150 0
A01488:311:HHFKJDSXC:1:1101:6027:1000 2:N:0:ACGTACCA+NCCATGCA 150 0 150 0
A01488:311:HHFKJDSXC:1:1101:6045:1000 1:N:0:ACGTACCA+NCCATGCA 150 0 150 0
A01488:311:HHFKJDSXC:1:1101:6045:1000 2:N:0:ACGTACCA+NCCATGCA 0 0 0 0
A01488:311:HHFKJDSXC:1:1101:6497:1000 1:N:0:ACGTACCA+NCCATGCA 149 1 150 0
A01488:311:HHFKJDSXC:1:1101:6497:1000 2:N:0:ACGTACCA+NCCATGCA 150 0 150 0
A01488:311:HHFKJDSXC:1:1101:6677:1000 1:N:0:ACGTACCA+NCCATGCA 149 1 150 0
A01488:311:HHFKJDSXC:1:1101:6677:1000 2:N:0:ACGTACCA+NCCATGCA 150 0 150 0
A01488:311:HHFKJDSXC:1:1101:6804:1000 1:N:0:ACGTACCA+NCCATGCA 149 1 150 0
A01488:311:HHFKJDSXC:1:1101:6804:1000 2:N:0:ACGTACCA+NCCATGCA 150 0 150 0
A01488:311:HHFKJDSXC:1:1101:7401:1000 1:N:0:ACGTACCA+NCCATGCA 149 1 150 0
A01488:311:HHFKJDSXC:1:1101:7401:1000 2:N:0:ACGTACCA+NCCATGCA 150 0 150 0
A01488:311:HHFKJDSXC:1:1101:7636:1000 1:N:0:ACGTACCA+NCCATGCA 149 1 150 0
A01488:311:HHFKJDSXC:1:1101:7636:1000 2:N:0:ACGTACCA+NCCATGCA 150 0 150 0
A01488:311:HHFKJDSXC:1:1101:7708:1000 1:N:0:ACGTACCA+NCCATGCA 149 1 150 0
A01488:311:HHFKJDSXC:1:1101:7708:1000 2:N:0:ACGTACCA+NCCATGCA 150 0 150 0
A01488:311:HHFKJDSXC:1:1101:8052:1000 1:N:0:ACGTACCA+NCCATGCA 149 1 150 0
A01488:311:HHFKJDSXC:1:1101:8052:1000 2:N:0:ACGTACCA+NCCATGCA 150 0 150 0
A01488:311:HHFKJDSXC:1:1101:8413:1000 1:N:0:ACGTACCA+NCCATGCA 149 1 150 0
A01488:311:HHFKJDSXC:1:1101:8413:1000 2:N:0:ACGTACCA+NCCATGCA 150 0 150 0
A01488:311:HHFKJDSXC:1:1101:8974:1000 1:N:0:ACGTACCA+NCCATGCA 148 1 149 1
A01488:311:HHFKJDSXC:1:1101:8974:1000 2:N:0:ACGTACCA+NCCATGCA 150 0 150 0
A01488:311:HHFKJDSXC:1:1101:9317:1000 1:N:0:ACGTACCA+NCCATGCA 149 1 150 0
A01488:311:HHFKJDSXC:1:1101:9317:1000 2:N:0:ACGTACCA+NCCATGCA 150 0 150 0
A01488:311:HHFKJDSXC:1:1101:9588:1000 1:N:0:ACGTACCA+NCCATGCA 149 1 150 0
A01488:311:HHFKJDSXC:1:1101:9588:1000 2:N:0:ACGTACCA+NCCATGCA 150 0 150 0
A01488:311:HHFKJDSXC:1:1101:10366:1000 1:N:0:ACGTACCA+NCCATGCA 149 1 150 0
A01488:311:HHFKJDSXC:1:1101:10366:1000 2:N:0:ACGTACCA+NCCATGCA 150 0 150 0
A01488:311:HHFKJDSXC:1:1101:10583:1000 1:N:0:ACGTACCA+NCCATGCA 149 1 150 0
A01488:311:HHFKJDSXC:1:1101:10583:1000 2:N:0:ACGTACCA+NCCATGCA 150 0 150 0
A01488:311:HHFKJDSXC:1:1101:10637:1000 1:N:0:ACGTACCA+NCCATGCA 149 1 150 0
A01488:311:HHFKJDSXC:1:1101:10637:1000 2:N:0:ACGTACCA+NCCATGCA 150 0 150 0
A01488:311:HHFKJDSXC:1:1101:10728:1000 1:N:0:ACGTACCA+NCCATGCA 149 1 150 0
A01488:311:HHFKJDSXC:1:1101:10728:1000 2:N:0:ACGTACCA+NCCATGCA 150 0 150 0
A01488:311:HHFKJDSXC:1:1101:10872:1000 1:N:0:ACGTACCA+NCCATGCA 149 1 150 0
A01488:311:HHFKJDSXC:1:1101:10872:1000 2:N:0:ACGTACCA+NCCATGCA 150 0 150 0
A01488:311:HHFKJDSXC:1:1101:11234:1000 1:N:0:ACGTACCA+NCCATGCA 149 1 150 0
A01488:311:HHFKJDSXC:1:1101:11234:1000 2:N:0:ACGTACCA+NCCATGCA 150 0 150 0
A01488:311:HHFKJDSXC:1:1101:11614:1000 1:N:0:ACGTACCA+NCCATGCA 149 1 150 0
A01488:311:HHFKJDSXC:1:1101:11614:1000 2:N:0:ACGTACCA+NCCATGCA 150 0 150 0
A01488:311:HHFKJDSXC:1:1101:12138:1000 1:N:0:ACGTACCA+NCCATGCA 149 1 150 0
A01488:311:HHFKJDSXC:1:1101:12138:1000 2:N:0:ACGTACCA+NCCATGCA 150 0 150 0
A01488:311:HHFKJDSXC:1:1101:12427:1000 1:N:0:ACGTACCA+NCCATGCA 149 1 150 0
A01488:311:HHFKJDSXC:1:1101:12427:1000 2:N:0:ACGTACCA+NCCATGCA 150 0 150 0
A01488:311:HHFKJDSXC:1:1101:12662:1000 1:N:0:ACGTACCA+NCCATGCA 149 1 150 0
A01488:311:HHFKJDSXC:1:1101:12662:1000 2:N:0:ACGTACCA+NCCATGCA 150 0 150 0
A01488:311:HHFKJDSXC:1:1101:12698:1000 1:N:0:ACGTACCA+NCCATGCA 149 1 150 0
A01488:311:HHFKJDSXC:1:1101:12698:1000 2:N:0:ACGTACCA+NCCATGCA 150 0 150 0
A01488:311:HHFKJDSXC:1:1101:12753:1000 1:N:0:ACGTACCA+NCCATGCA 149 1 150 0
A01488:311:HHFKJDSXC:1:1101:12753:1000 2:N:0:ACGTACCA+NCCATGCA 150 0 150 0
A01488:311:HHFKJDSXC:1:1101:13349:1000 1:N:0:ACGTACCA+NCCATGCA 149 1 150 0
A01488:311:HHFKJDSXC:1:1101:13349:1000 2:N:0:ACGTACCA+NCCATGCA 150 0 150 0
A01488:311:HHFKJDSXC:1:1101:13404:1000 1:N:0:ACGTACCA+NCCATGCA 149 1 150 0
A01488:311:HHFKJDSXC:1:1101:13404:1000 2:N:0:ACGTACCA+NCCATGCA 150 0 150 0
A01488:311:HHFKJDSXC:1:1101:13675:1000 1:N:0:ACGTACCA+NCCATGCA 149 1 150 0
A01488:311:HHFKJDSXC:1:1101:13675:1000 2:N:0:ACGTACCA+NCCATGCA 150 0 150 0
A01488:311:HHFKJDSXC:1:1101:14091:1000 1:N:0:ACGTACCA+NCCATGCA 149 1 150 0
A01488:311:HHFKJDSXC:1:1101:14091:1000 2:N:0:ACGTACCA+NCCATGCA 150 0 150 0
A01488:311:HHFKJDSXC:1:1101:14507:1000 1:N:0:ACGTACCA+NCCATGCA 149 1 150 0
A01488:311:HHFKJDSXC:1:1101:14507:1000 2:N:0:ACGTACCA+NCCATGCA 150 0 150 0
A01488:311:HHFKJDSXC:1:1101:15049:1000 1:N:0:ACGTACCA+NCCATGCA 149 1 150 0
A01488:311:HHFKJDSXC:1:1101:15049:1000 2:N:0:ACGTACCA+NCCATGCA 150 0 150 0
A01488:311:HHFKJDSXC:1:1101:15356:1000 1:N:0:ACGTACCA+NCCATGCA 149 1 150 0
A01488:311:HHFKJDSXC:1:1101:15356:1000 2:N:0:ACGTACCA+NCCATGCA 150 0 150 0
A01488:311:HHFKJDSXC:1:1101:15447:1000 1:N:0:ACGTACCA+NCCATGCA 149 1 150 0
A01488:311:HHFKJDSXC:1:1101:15447:1000 2:N:0:ACGTACCA+NCCATGCA 150 0 150 0
A01488:311:HHFKJDSXC:1:1101:15501:1000 1:N:0:ACGTACCA+NCCATGCA 149 1 150 0
A01488:311:HHFKJDSXC:1:1101:15501:1000 2:N:0:ACGTACCA+NCCATGCA 150 0 150 0
A01488:311:HHFKJDSXC:1:1101:15790:1000 1:N:0:ACGTACCA+NCCATGCA 149 1 150 0
A01488:311:HHFKJDSXC:1:1101:15790:1000 2:N:0:ACGTACCA+NCCATGCA 150 0 150 0
A01488:311:HHFKJDSXC:1:1101:15917:1000 1:N:0:ACGTACCA+NCCATGCA 149 1 150 0
A01488:311:HHFKJDSXC:1:1101:15917:1000 2:N:0:ACGTACCA+NCCATGCA 150 0 150 0
A01488:311:HHFKJDSXC:1:1101:16098:1000 1:N:0:ACGTACCA+NCCATGCA 149 1 150 0
A01488:311:HHFKJDSXC:1:1101:16098:1000 2:N:0:ACGTACCA+NCCATGCA 150 0 150 0
A01488:311:HHFKJDSXC:1:1101:16152:1000 1:N:0:ACGTACCA+NCCATGCA 149 1 150 0
A01488:311:HHFKJDSXC:1:1101:16152:1000 2:N:0:ACGTACCA+NCCATGCA 150 0 150 0
A01488:311:HHFKJDSXC:1:1101:16731:1000 1:N:0:ACGTACCA+NCCATGCA 149 1 150 0
A01488:311:HHFKJDSXC:1:1101:16731:1000 2:N:0:ACGTACCA+NCCATGCA 150 0 150 0
A01488:311:HHFKJDSXC:1:1101:17327:1000 1:N:0:ACGTACCA+NCCATGCA 149 1 150 0
A01488:311:HHFKJDSXC:1:1101:17327:1000 2:N:0:ACGTACCA+NCCATGCA 150 0 150 0
A01488:311:HHFKJDSXC:1:1101:17924:1000 1:N:0:ACGTACCA+NCCATGCA 149 1 150 0
A01488:311:HHFKJDSXC:1:1101:17924:1000 2:N:0:ACGTACCA+NCCATGCA 150 0 150 0
A01488:311:HHFKJDSXC:1:1101:18611:1000 1:N:0:ACGTACCA+NCCATGCA 149 1 150 0
A01488:311:HHFKJDSXC:1:1101:18611:1000 2:N:0:ACGTACCA+NCCATGCA 150 0 150 0
A01488:311:HHFKJDSXC:1:1101:18774:1000 1:N:0:ACGTACCA+NCCATGCA 149 1 150 0
A01488:311:HHFKJDSXC:1:1101:18774:1000 2:N:0:ACGTACCA+NCCATGCA 150 0 150 0
A01488:311:HHFKJDSXC:1:1101:20329:1000 1:N:0:ACGTACCA+NCCATGCA 149 1 150 0
A01488:311:HHFKJDSXC:1:1101:20329:1000 2:N:0:ACGTACCA+NCCATGCA 150 0 150 0
A01488:311:HHFKJDSXC:1:1101:20455:1000 1:N:0:ACGTACCA+NCCATGCA 149 1 150 0
A01488:311:HHFKJDSXC:1:1101:20455:1000 2:N:0:ACGTACCA+NCCATGCA 149 0 149 1
A01488:311:HHFKJDSXC:1:1101:20907:1000 1:N:0:ACGTACCA+NCCATGCA 149 1 150 0
A01488:311:HHFKJDSXC:1:1101:20907:1000 2:N:0:ACGTACCA+NCCATGCA 150 0 150 0
A01488:311:HHFKJDSXC:1:1101:21269:1000 1:N:0:ACGTACCA+NCCATGCA 149 1 150 0
A01488:311:HHFKJDSXC:1:1101:21269:1000 2:N:0:ACGTACCA+NCCATGCA 150 0 150 0
A01488:311:HHFKJDSXC:1:1101:21395:1000 1:N:0:ACGTACCA+NCCATGCA 149 1 150 0
A01488:311:HHFKJDSXC:1:1101:21395:1000 2:N:0:ACGTACCA+NCCATGCA 150 0 150 0
A01488:311:HHFKJDSXC:1:1101:21884:1000 1:N:0:ACGTACCA+NCCATGCA 149 1 150 0
A01488:311:HHFKJDSXC:1:1101:21884:1000 2:N:0:ACGTACCA+NCCATGCA 150 0 150 0
A01488:311:HHFKJDSXC:1:1101:21992:1000 1:N:0:ACGTACCA+NCCATGCA 149 1 150 0
A01488:311:HHFKJDSXC:1:1101:21992:1000 2:N:0:ACGTACCA+NCCATGCA 150 0 150 0
A01488:311:HHFKJDSXC:1:1101:22046:1000 1:N:0:ACGTACCA+NCCATGCA 149 1 150 0
A01488:311:HHFKJDSXC:1:1101:22046:1000 2:N:0:ACGTACCA+NCCATGCA 150 0 150 0
A01488:311:HHFKJDSXC:1:1101:22227:1000 1:N:0:ACGTACCA+NCCATGCA 149 1 150 0
A01488:311:HHFKJDSXC:1:1101:22227:1000 2:N:0:ACGTACCA+NCCATGCA 150 0 150 0
A01488:311:HHFKJDSXC:1:1101:22842:1000 1:N:0:ACGTACCA+NCCATGCA 149 1 150 0
A01488:311:HHFKJDSXC:1:1101:22842:1000 2:N:0:ACGTACCA+NCCATGCA 150 0 150 0
A01488:311:HHFKJDSXC:1:1101:22860:1000 1:N:0:ACGTACCA+NCCATGCA 149 1 150 0
A01488:311:HHFKJDSXC:1:1101:22860:1000 2:N:0:ACGTACCA+NCCATGCA 150 0 150 0
A01488:311:HHFKJDSXC:1:1101:22968:1000 1:N:0:ACGTACCA+NCCATGCA 149 1 150 0
A01488:311:HHFKJDSXC:1:1101:22968:1000 2:N:0:ACGTACCA+NCCATGCA 150 0 150 0
A01488:311:HHFKJDSXC:1:1101:23312:1000 1:N:0:ACGTACCA+NCCATGCA 149 1 150 0
A01488:311:HHFKJDSXC:1:1101:23312:1000 2:N:0:ACGTACCA+NCCATGCA 150 0 150 0
A01488:311:HHFKJDSXC:1:1101:23583:1000 1:N:0:ACGTACCA+NCCATGCA 149 1 150 0
A01488:311:HHFKJDSXC:1:1101:23583:1000 2:N:0:ACGTACCA+NCCATGCA 150 0 150 0
A01488:311:HHFKJDSXC:1:1101:23619:1000 1:N:0:ACGTACCA+NCCATGCA 149 1 150 0
A01488:311:HHFKJDSXC:1:1101:23619:1000 2:N:0:ACGTACCA+NCCATGCA 150 0 150 0
A01488:311:HHFKJDSXC:1:1101:24722:1000 1:N:0:ACGTACCA+NCCATGCA 149 1 150 0
A01488:311:HHFKJDSXC:1:1101:24722:1000 2:N:0:ACGTACCA+NCCATGCA 150 0 150 0
A01488:311:HHFKJDSXC:1:1101:25030:1000 1:N:0:ACGTACCA+NCCATGCA 149 1 150 0
A01488:311:HHFKJDSXC:1:1101:25030:1000 2:N:0:ACGTACCA+NCCATGCA 150 0 150 0
A01488:311:HHFKJDSXC:1:1101:26313:1000 1:N:0:ACGTACCA+NCCATGCA 149 1 150 0
A01488:311:HHFKJDSXC:1:1101:26313:1000 2:N:0:ACGTACCA+NCCATGCA 150 0 150 0
A01488:311:HHFKJDSXC:1:1101:26350:1000 1:N:0:ACGTACCA+NCCATGCA 149 1 150 0
A01488:311:HHFKJDSXC:1:1101:26350:1000 2:N:0:ACGTACCA+NCCATGCA 0 0 0 0
A01488:311:HHFKJDSXC:1:1101:26567:1000 1:N:0:ACGTACCA+NCCATGCA 149 1 150 0
A01488:311:HHFKJDSXC:1:1101:26567:1000 2:N:0:ACGTACCA+NCCATGCA 150 0 150 0
A01488:311:HHFKJDSXC:1:1101:27181:1000 1:N:0:ACGTACCA+NCCATGCA 149 1 150 0
A01488:311:HHFKJDSXC:1:1101:27181:1000 2:N:0:ACGTACCA+NCCATGCA 149 1 150 0
A01488:311:HHFKJDSXC:1:1101:27633:1000 1:N:0:ACGTACCA+NCCATGCA 97 1 98 52
A01488:311:HHFKJDSXC:1:1101:27633:1000 2:N:0:ACGTACCA+NCCATGCA 81 0 81 69
A01488:311:HHFKJDSXC:1:1101:27814:1000 1:N:0:ACGTACCA+NCCATGCA 149 1 150 0
A01488:311:HHFKJDSXC:1:1101:27814:1000 2:N:0:ACGTACCA+NCCATGCA 150 0 150 0
A01488:311:HHFKJDSXC:1:1101:28248:1000 1:N:0:ACGTACCA+NCCATGCA 149 1 150 0
A01488:311:HHFKJDSXC:1:1101:28248:1000 2:N:0:ACGTACCA+NCCATGCA 150 0 150 0
A01488:311:HHFKJDSXC:1:1101:28772:1000 1:N:0:ACGTACCA+NCCATGCA 149 1 150 0
A01488:311:HHFKJDSXC:1:1101:28772:1000 2:N:0:ACGTACCA+NCCATGCA 150 0 150 0
A01488:311:HHFKJDSXC:1:1101:28881:1000 1:N:0:ACGTACCA+NCCATGCA 149 1 150 0
A01488:311:HHFKJDSXC:1:1101:28881:1000 2:N:0:ACGTACCA+NCCATGCA 150 0 150 0
A01488:311:HHFKJDSXC:1:1101:30327:1000 1:N:0:ACGTACCA+NCCATGCA 149 1 150 0
A01488:311:HHFKJDSXC:1:1101:30327:1000 2:N:0:ACGTACCA+NCCATGCA 150 0 150 0
A01488:311:HHFKJDSXC:1:1101:30924:1000 1:N:0:ACGTACCA+NCCATGCA 149 1 150 0
A01488:311:HHFKJDSXC:1:1101:30924:1000 2:N:0:ACGTACCA+NCCATGCA 150 0 150 0
A01488:311:HHFKJDSXC:1:1101:31069:1000 1:N:0:ACGTACCA+NCCATGCA 149 1 150 0
A01488:311:HHFKJDSXC:1:1101:31069:1000 2:N:0:ACGTACCA+NCCATGCA 150 0 150 0
A01488:311:HHFKJDSXC:1:1101:31177:1000 1:N:0:ACGTACCA+NCCATGCA 149 1 150 0
A01488:311:HHFKJDSXC:1:1101:31177:1000 2:N:0:ACGTACCA+NCCATGCA 150 0 150 0
A01488:311:HHFKJDSXC:1:1101:31864:1000 1:N:0:ACGTACCA+NCCATGCA 149 1 150 0
A01488:311:HHFKJDSXC:1:1101:31864:1000 2:N:0:ACGTACCA+NCCATGCA 150 0 150 0
A01488:311:HHFKJDSXC:1:1101:1371:1016 1:N:0:ACGTACCA+NCCATGCA 150 0 150 0
A01488:311:HHFKJDSXC:1:1101:1371:1016 2:N:0:ACGTACCA+NCCATGCA 150 0 150 0
A01488:311:HHFKJDSXC:1:1101:1407:1016 1:N:0:ACGTACCA+NCCATGCA 150 0 150 0
A01488:311:HHFKJDSXC:1:1101:1407:1016 2:N:0:ACGTACCA+NCCATGCA 149 0 149 1
A01488:311:HHFKJDSXC:1:1101:1515:1016 1:N:0:ACGTACCA+NCCATGCA 150 0 150 0
A01488:311:HHFKJDSXC:1:1101:1515:1016 2:N:0:ACGTACCA+NCCATGCA 150 0 150 0
A01488:311:HHFKJDSXC:1:1101:2257:1016 1:N:0:ACGTACCA+NCCATGCA 150 0 150 0
A01488:311:HHFKJDSXC:1:1101:2257:1016 2:N:0:ACGTACCA+NCCATGCA 150 0 150 0
A01488:311:HHFKJDSXC:1:1101:2510:1016 1:N:0:ACGTACCA+NCCATGCA 150 0 150 0
A01488:311:HHFKJDSXC:1:1101:2510:1016 2:N:0:ACGTACCA+NCCATGCA 150 0 150 0
A01488:311:HHFKJDSXC:1:1101:2654:1016 1:N:0:ACGTACCA+NCCATGCA 150 0 150 0
A01488:311:HHFKJDSXC:1:1101:2654:1016 2:N:0:ACGTACCA+NCCATGCA 150 0 150 0
A01488:311:HHFKJDSXC:1:1101:3667:1016 1:N:0:ACGTACCA+NCCATGCA 150 0 150 0
A01488:311:HHFKJDSXC:1:1101:3667:1016 2:N:0:ACGTACCA+NCCATGCA 150 0 150 0
A01488:311:HHFKJDSXC:1:1101:3757:1016 1:N:0:ACGTACCA+NCCATGCA 150 0 150 0
A01488:311:HHFKJDSXC:1:1101:3757:1016 2:N:0:ACGTACCA+NCCATGCA 150 0 150 0
A01488:311:HHFKJDSXC:1:1101:4047:1016 1:N:0:ACGTACCA+NCCATGCA 150 0 150 0
A01488:311:HHFKJDSXC:1:1101:4047:1016 2:N:0:ACGTACCA+NCCATGCA 149 0 149 1
A01488:311:HHFKJDSXC:1:1101:4571:1016 1:N:0:ACGTACCA+NCCATGCA 150 0 150 0
A01488:311:HHFKJDSXC:1:1101:4571:1016 2:N:0:ACGTACCA+NCCATGCA 150 0 150 0
A01488:311:HHFKJDSXC:1:1101:5059:1016 1:N:0:ACGTACCA+NCCATGCA 150 0 150 0
A01488:311:HHFKJDSXC:1:1101:5059:1016 2:N:0:ACGTACCA+NCCATGCA 150 0 150 0
A01488:311:HHFKJDSXC:1:1101:5529:1016 1:N:0:ACGTACCA+NCCATGCA 150 0 150 0
A01488:311:HHFKJDSXC:1:1101:5529:1016 2:N:0:ACGTACCA+NCCATGCA 150 0 150 0
A01488:311:HHFKJDSXC:1:1101:5584:1016 1:N:0:ACGTACCA+NCCATGCA 150 0 150 0
A01488:311:HHFKJDSXC:1:1101:5584:1016 2:N:0:ACGTACCA+NCCATGCA 150 0 150 0
A01488:311:HHFKJDSXC:1:1101:5891:1016 1:N:0:ACGTACCA+NCCATGCA 150 0 150 0
A01488:311:HHFKJDSXC:1:1101:5891:1016 2:N:0:ACGTACCA+NCCATGCA 150 0 150 0
A01488:311:HHFKJDSXC:1:1101:6072:1016 1:N:0:ACGTACCA+NCCATGCA 150 0 150 0
A01488:311:HHFKJDSXC:1:1101:6072:1016 2:N:0:ACGTACCA+NCCATGCA 150 0 150 0
A01488:311:HHFKJDSXC:1:1101:6325:1016 1:N:0:ACGTACCA+NCCATGCA 150 0 150 0
A01488:311:HHFKJDSXC:1:1101:6325:1016 2:N:0:ACGTACCA+NCCATGCA 150 0 150 0
A01488:311:HHFKJDSXC:1:1101:6415:1016 1:N:0:ACGTACCA+NCCATGCA 150 0 150 0
A01488:311:HHFKJDSXC:1:1101:6415:1016 2:N:0:ACGTACCA+NCCATGCA 150 0 150 0
A01488:311:HHFKJDSXC:1:1101:6560:1016 1:N:0:ACGTACCA+NCCATGCA 150 0 150 0
A01488:311:HHFKJDSXC:1:1101:6560:1016 2:N:0:ACGTACCA+NCCATGCA 150 0 150 0
A01488:311:HHFKJDSXC:1:1101:6686:1016 1:N:0:ACGTACCA+NCCATGCA 150 0 150 0
A01488:311:HHFKJDSXC:1:1101:6686:1016 2:N:0:ACGTACCA+NCCATGCA 150 0 150 0
A01488:311:HHFKJDSXC:1:1101:6795:1016 1:N:0:ACGTACCA+NCCATGCA 150 0 150 0
A01488:311:HHFKJDSXC:1:1101:6795:1016 2:N:0:ACGTACCA+NCCATGCA 150 0 150 0
A01488:311:HHFKJDSXC:1:1101:7446:1016 1:N:0:ACGTACCA+NCCATGCA 150 0 150 0
A01488:311:HHFKJDSXC:1:1101:7446:1016 2:N:0:ACGTACCA+NCCATGCA 150 0 150 0
A01488:311:HHFKJDSXC:1:1101:8730:1016 1:N:0:ACGTACCA+NCCATGCA 150 0 150 0
A01488:311:HHFKJDSXC:1:1101:8730:1016 2:N:0:ACGTACCA+NCCATGCA 150 0 150 0
A01488:311:HHFKJDSXC:1:1101:9001:1016 1:N:0:ACGTACCA+NCCATGCA 149 0 149 1
A01488:311:HHFKJDSXC:1:1101:9001:1016 2:N:0:ACGTACCA+NCCATGCA 129 0 129 21
A01488:311:HHFKJDSXC:1:1101:9019:1016 1:N:0:ACGTACCA+NCCATGCA 150 0 150 0
A01488:311:HHFKJDSXC:1:1101:9019:1016 2:N:0:ACGTACCA+NCCATGCA 150 0 150 0
A01488:311:HHFKJDSXC:1:1101:10538:1016 1:N:0:ACGTACCA+NCCATGCA 150 0 150 0
A01488:311:HHFKJDSXC:1:1101:10538:1016 2:N:0:ACGTACCA+NCCATGCA 150 0 150 0
A01488:311:HHFKJDSXC:1:1101:10809:1016 1:N:0:ACGTACCA+NCCATGCA 150 0 150 0
A01488:311:HHFKJDSXC:1:1101:10809:1016 2:N:0:ACGTACCA+NCCATGCA 150 0 150 0
A01488:311:HHFKJDSXC:1:1101:10845:1016 1:N:0:ACGAACCA+NCCATGCA 149 1 150 0
A01488:311:HHFKJDSXC:1:1101:10845:1016 2:N:0:ACGAACCA+NCCATGCA 150 0 150 0
A01488:311:HHFKJDSXC:1:1101:10899:1016 1:N:0:ACGTACCA+NCCATGCA 150 0 150 0
A01488:311:HHFKJDSXC:1:1101:10899:1016 2:N:0:ACGTACCA+NCCATGCA 0 0 0 0
A01488:311:HHFKJDSXC:1:1101:11568:1016 1:N:0:ACGTACCA+NCCATGCA 149 0 149 1
A01488:311:HHFKJDSXC:1:1101:11568:1016 2:N:0:ACGTACCA+NCCATGCA 150 0 150 0
A01488:311:HHFKJDSXC:1:1101:11677:1016 1:N:0:ACGTACCA+NCCATGCA 150 0 150 0
A01488:311:HHFKJDSXC:1:1101:11677:1016 2:N:0:ACGTACCA+NCCATGCA 150 0 150 0
A01488:311:HHFKJDSXC:1:1101:12906:1016 1:N:0:ACGTACCA+NCCATGCA 150 0 150 0
A01488:311:HHFKJDSXC:1:1101:12906:1016 2:N:0:ACGTACCA+NCCATGCA 150 0 150 0
A01488:311:HHFKJDSXC:1:1101:12943:1016 1:N:0:ACGTACCA+NCCATGCA 150 0 150 0
A01488:311:HHFKJDSXC:1:1101:12943:1016 2:N:0:ACGTACCA+NCCATGCA 150 0 150 0
A01488:311:HHFKJDSXC:1:1101:13141:1016 1:N:0:ACGTACCA+NCCATGCA 150 0 150 0
A01488:311:HHFKJDSXC:1:1101:13141:1016 2:N:0:ACGTACCA+NCCATGCA 150 0 150 0
A01488:311:HHFKJDSXC:1:1101:13521:1016 1:N:0:ACGTACCA+NCCATGCA 150 0 150 0
A01488:311:HHFKJDSXC:1:1101:13521:1016 2:N:0:ACGTACCA+NCCATGCA 150 0 150 0
A01488:311:HHFKJDSXC:1:1101:13684:1016 1:N:0:ACGTACCA+NCCATGCA 150 0 150 0
A01488:311:HHFKJDSXC:1:1101:13684:1016 2:N:0:ACGTACCA+NCCATGCA 150 0 150 0
A01488:311:HHFKJDSXC:1:1101:14552:1016 1:N:0:ACGTACCA+NCCATGCA 150 0 150 0
A01488:311:HHFKJDSXC:1:1101:14552:1016 2:N:0:ACGTACCA+NCCATGCA 150 0 150 0
A01488:311:HHFKJDSXC:1:1101:14678:1016 1:N:0:ACGTACCA+NCCATGCA 150 0 150 0
A01488:311:HHFKJDSXC:1:1101:14678:1016 2:N:0:ACGTACCA+NCCATGCA 150 0 150 0
A01488:311:HHFKJDSXC:1:1101:15076:1016 1:N:0:ACGTACCA+NCCATGCA 148 1 149 1
A01488:311:HHFKJDSXC:1:1101:15076:1016 2:N:0:ACGTACCA+NCCATGCA 150 0 150 0
A01488:311:HHFKJDSXC:1:1101:15474:1016 1:N:0:ACGTACCA+NCCATGCA 149 1 150 0
A01488:311:HHFKJDSXC:1:1101:15474:1016 2:N:0:ACGTACCA+NCCATGCA 51 0 51 99
A01488:311:HHFKJDSXC:1:1101:15600:1016 1:N:0:ACGTACCA+NCCATGCA 149 1 150 0
A01488:311:HHFKJDSXC:1:1101:15600:1016 2:N:0:ACGTACCA+NCCATGCA 150 0 150 0
