A01488:311:HHFKJDSXC:1:1101:1217:1000 1:N:0:TGCTGGAT+NAGGTCGT 150 0 150 0
A01488:311:HHFKJDSXC:1:1101:1217:1000 2:N:0:TGCTGGAT+NAGGTCGT 150 0 150 0
A01488:311:HHFKJDSXC:1:1101:2067:1000 1:N:0:TGCTGGAT+NAGGTCGT 150 0 150 0
A01488:311:HHFKJDSXC:1:1101:2067:1000 2:N:0:TGCTGGAT+NAGGTCGT 150 0 150 0
A01488:311:HHFKJDSXC:1:1101:2356:1000 1:N:0:TGCTGGAT+NAGGTCGT 150 0 150 0
A01488:311:HHFKJDSXC:1:1101:2356:1000 2:N:0:TGCTGGAT+NAGGTCGT 150 0 150 0
A01488:311:HHFKJDSXC:1:1101:2627:1000 1:N:0:TGCTGGAT+NAGGTCGT 150 0 150 0
A01488:311:HHFKJDSXC:1:1101:2627:1000 2:N:0:TGCTGGAT+NAGGTCGT 150 0 150 0
A01488:311:HHFKJDSXC:1:1101:2718:1000 1:N:0:TGCTGGAT+NAGGTCGT 150 0 150 0
A01488:311:HHFKJDSXC:1:1101:2718:1000 2:N:0:TGCTGGAT+NAGGTCGT 150 0 150 0
A01488:311:HHFKJDSXC:1:1101:2880:1000 1:N:0:TGCTGGAT+NAGGTCGT 150 0 150 0
A01488:311:HHFKJDSXC:1:1101:2880:1000 2:N:0:TGCTGGAT+NAGGTCGT 150 0 150 0
A01488:311:HHFKJDSXC:1:1101:3766:1000 1:N:0:TGCTGGAT+NAGGTCGT 150 0 150 0
A01488:311:HHFKJDSXC:1:1101:3766:1000 2:N:0:TGCTGGAT+NAGGTCGT 150 0 150 0
A01488:311:HHFKJDSXC:1:1101:4345:1000 1:N:0:TGCTGGAT+NAGGTCGT 150 0 150 0
A01488:311:HHFKJDSXC:1:1101:4345:1000 2:N:0:TGCTGGAT+NAGGTCGT 149 1 150 0
A01488:311:HHFKJDSXC:1:1101:4707:1000 1:N:0:TGCTGGAT+NAGGTCGT 150 0 150 0
A01488:311:HHFKJDSXC:1:1101:4707:1000 2:N:0:TGCTGGAT+NAGGTCGT 150 0 150 0
A01488:311:HHFKJDSXC:1:1101:4924:1000 1:N:0:TGCTGGAT+NAGGTCGT 150 0 150 0
A01488:311:HHFKJDSXC:1:1101:4924:1000 2:N:0:TGCTGGAT+NAGGTCGT 150 0 150 0
A01488:311:HHFKJDSXC:1:1101:4942:1000 1:N:0:TGCTGGAT+NAGGTCGT 150 0 150 0
A01488:311:HHFKJDSXC:1:1101:4942:1000 2:N:0:TGCTGGAT+NAGGTCGT 150 0 150 0
A01488:311:HHFKJDSXC:1:1101:4996:1000 1:N:0:TGCTGGAT+NAGGTCGT 150 0 150 0
A01488:311:HHFKJDSXC:1:1101:4996:1000 2:N:0:TGCTGGAT+NAGGTCGT 150 0 150 0
A01488:311:HHFKJDSXC:1:1101:6623:1000 1:N:0:TGCTGGAT+NAGGTCGT 149 1 150 0
A01488:311:HHFKJDSXC:1:1101:6623:1000 2:N:0:TGCTGGAT+NAGGTCGT 150 0 150 0
A01488:311:HHFKJDSXC:1:1101:6732:1000 1:N:0:TGCTGGAT+NAGGTCGT 149 1 150 0
A01488:311:HHFKJDSXC:1:1101:6732:1000 2:N:0:TGCTGGAT+NAGGTCGT 150 0 150 0
A01488:311:HHFKJDSXC:1:1101:7075:1000 1:N:0:TGCTGGAT+NAGGTCGT 149 1 150 0
A01488:311:HHFKJDSXC:1:1101:7075:1000 2:N:0:TGCTGGAT+NAGGTCGT 150 0 150 0
A01488:311:HHFKJDSXC:1:1101:7166:1000 1:N:0:TGCTGGAT+NAGGTCGT 149 1 150 0
A01488:311:HHFKJDSXC:1:1101:7166:1000 2:N:0:TGCTGGAT+NAGGTCGT 150 0 150 0
A01488:311:HHFKJDSXC:1:1101:7202:1000 1:N:0:TGCTGGAT+NAGGTCGT 149 1 150 0
A01488:311:HHFKJDSXC:1:1101:7202:1000 2:N:0:TGCTGGAT+NAGGTCGT 150 0 150 0
A01488:311:HHFKJDSXC:1:1101:8214:1000 1:N:0:TGCTGGAT+NAGGTCGT 149 1 150 0
A01488:311:HHFKJDSXC:1:1101:8214:1000 2:N:0:TGCTGGAT+NAGGTCGT 150 0 150 0
A01488:311:HHFKJDSXC:1:1101:8269:1000 1:N:0:TGCTGGAT+NAGGTCGT 149 1 150 0
A01488:311:HHFKJDSXC:1:1101:8269:1000 2:N:0:TGCTGGAT+NAGGTCGT 150 0 150 0
A01488:311:HHFKJDSXC:1:1101:8359:1000 1:N:0:TGCTGGAT+NAGGTCGT 149 1 150 0
A01488:311:HHFKJDSXC:1:1101:8359:1000 2:N:0:TGCTGGAT+NAGGTCGT 150 0 150 0
A01488:311:HHFKJDSXC:1:1101:9227:1000 1:N:0:TGCTGGAT+NAGGTCGT 149 1 150 0
A01488:311:HHFKJDSXC:1:1101:9227:1000 2:N:0:TGCTGGAT+NAGGTCGT 150 0 150 0
A01488:311:HHFKJDSXC:1:1101:9408:1000 1:N:0:TGCTGGAT+NAGGTCGT 149 1 150 0
A01488:311:HHFKJDSXC:1:1101:9408:1000 2:N:0:TGCTGGAT+NAGGTCGT 150 0 150 0
A01488:311:HHFKJDSXC:1:1101:9715:1000 1:N:0:TGCTGGAT+NAGGTCGT 149 1 150 0
A01488:311:HHFKJDSXC:1:1101:9715:1000 2:N:0:TGCTGGAT+NAGGTCGT 150 0 150 0
A01488:311:HHFKJDSXC:1:1101:9896:1000 1:N:0:TGCTGGAT+NAGGTCGT 149 1 150 0
A01488:311:HHFKJDSXC:1:1101:9896:1000 2:N:0:TGCTGGAT+NAGGTCGT 150 0 150 0
A01488:311:HHFKJDSXC:1:1101:10167:1000 1:N:0:TGCTGGAT+NAGGTCGT 149 1 150 0
A01488:311:HHFKJDSXC:1:1101:10167:1000 2:N:0:TGCTGGAT+NAGGTCGT 150 0 150 0
A01488:311:HHFKJDSXC:1:1101:10420:1000 1:N:0:TGCTGGAT+NAGGTCGT 149 1 150 0
A01488:311:HHFKJDSXC:1:1101:10420:1000 2:N:0:TGCTGGAT+NAGGTCGT 150 0 150 0
A01488:311:HHFKJDSXC:1:1101:11794:1000 1:N:0:TGCTGGAT+NAGGTCGT 149 1 150 0
A01488:311:HHFKJDSXC:1:1101:11794:1000 2:N:0:TGCTGGAT+NAGGTCGT 150 0 150 0
A01488:311:HHFKJDSXC:1:1101:12029:1000 1:N:0:TGCTGGAT+NAGGTCGT 149 1 150 0
A01488:311:HHFKJDSXC:1:1101:12029:1000 2:N:0:TGCTGGAT+NAGGTCGT 150 0 150 0
A01488:311:HHFKJDSXC:1:1101:12156:1000 1:N:0:TGCTGGAT+NAGGTCGT 149 1 150 0
A01488:311:HHFKJDSXC:1:1101:12156:1000 2:N:0:TGCTGGAT+NAGGTCGT 150 0 150 0
A01488:311:HHFKJDSXC:1:1101:12301:1000 1:N:0:TGCTGGAT+NAGGTCGT 149 1 150 0
A01488:311:HHFKJDSXC:1:1101:12301:1000 2:N:0:TGCTGGAT+NAGGTCGT 150 0 150 0
A01488:311:HHFKJDSXC:1:1101:12391:1000 1:N:0:TGCTGGAT+NAGGTCGT 149 1 150 0
A01488:311:HHFKJDSXC:1:1101:12391:1000 2:N:0:TGCTGGAT+NAGGTCGT 150 0 150 0
A01488:311:HHFKJDSXC:1:1101:12500:1000 1:N:0:TGCTGGAT+NAGGTCGT 149 1 150 0
A01488:311:HHFKJDSXC:1:1101:12500:1000 2:N:0:TGCTGGAT+NAGGTCGT 150 0 150 0
A01488:311:HHFKJDSXC:1:1101:12771:1000 1:N:0:TGCTGGAT+NAGGTCGT 148 1 149 1
A01488:311:HHFKJDSXC:1:1101:12771:1000 2:N:0:TGCTGGAT+NAGGTCGT 149 1 150 0
A01488:311:HHFKJDSXC:1:1101:12789:1000 1:N:0:TGCTGGAT+NAGGTCGT 149 1 150 0
A01488:311:HHFKJDSXC:1:1101:12789:1000 2:N:0:TGCTGGAT+NAGGTCGT 150 0 150 0
A01488:311:HHFKJDSXC:1:1101:13150:1000 1:N:0:TGCTGGAT+NAGGTCGT 149 1 150 0
A01488:311:HHFKJDSXC:1:1101:13150:1000 2:N:0:TGCTGGAT+NAGGTCGT 149 0 149 1
A01488:311:HHFKJDSXC:1:1101:14959:1000 1:N:0:TGCTGGAT+NAGGTCGT 149 1 150 0
A01488:311:HHFKJDSXC:1:1101:14959:1000 2:N:0:TGCTGGAT+NAGGTCGT 150 0 150 0
A01488:311:HHFKJDSXC:1:1101:15411:1000 1:N:0:TGCTGGAT+NAGGTCGT 147 3 150 0
A01488:311:HHFKJDSXC:1:1101:15411:1000 2:N:0:TGCTGGAT+NAGGTCGT 150 0 150 0
A01488:311:HHFKJDSXC:1:1101:15519:1000 1:N:0:TGCTGGAT+NAGGTCGT 149 1 150 0
A01488:311:HHFKJDSXC:1:1101:15519:1000 2:N:0:TGCTGGAT+NAGGTCGT 150 0 150 0
A01488:311:HHFKJDSXC:1:1101:15899:1000 1:N:0:TGCTGGAT+NAGGTCGT 149 1 150 0
A01488:311:HHFKJDSXC:1:1101:15899:1000 2:N:0:TGCTGGAT+NAGGTCGT 150 0 150 0
A01488:311:HHFKJDSXC:1:1101:17092:1000 1:N:0:TGCTGGAT+NAGGTCGT 149 1 150 0
A01488:311:HHFKJDSXC:1:1101:17092:1000 2:N:0:TGCTGGAT+NAGGTCGT 150 0 150 0
A01488:311:HHFKJDSXC:1:1101:18032:1000 1:N:0:TGCTGGAT+NAGGTCGT 149 1 150 0
A01488:311:HHFKJDSXC:1:1101:18032:1000 2:N:0:TGCTGGAT+NAGGTCGT 150 0 150 0
A01488:311:HHFKJDSXC:1:1101:18683:1000 1:N:0:TGCTGGAT+NAGGTCGT 149 1 150 0
A01488:311:HHFKJDSXC:1:1101:18683:1000 2:N:0:TGCTGGAT+NAGGTCGT 150 0 150 0
A01488:311:HHFKJDSXC:1:1101:18864:1000 1:N:0:TGCTGGAT+NAGGTCGT 149 1 150 0
A01488:311:HHFKJDSXC:1:1101:18864:1000 2:N:0:TGCTGGAT+NAGGTCGT 150 0 150 0
A01488:311:HHFKJDSXC:1:1101:18973:1000 1:N:0:TGCTGGAT+NAGGTCGT 149 1 150 0
A01488:311:HHFKJDSXC:1:1101:18973:1000 2:N:0:TGCTGGAT+NAGGTCGT 150 0 150 0
A01488:311:HHFKJDSXC:1:1101:19262:1000 1:N:0:TGCTGGAT+NAGGTCGT 149 1 150 0
A01488:311:HHFKJDSXC:1:1101:19262:1000 2:N:0:TGCTGGAT+NAGGTCGT 150 0 150 0
A01488:311:HHFKJDSXC:1:1101:19316:1000 1:N:0:TGCTGGAT+NAGGTCGT 149 1 150 0
A01488:311:HHFKJDSXC:1:1101:19316:1000 2:N:0:TGCTGGAT+NAGGTCGT 150 0 150 0
A01488:311:HHFKJDSXC:1:1101:19370:1000 1:N:0:TGCTGGAT+NAGGTCGT 149 1 150 0
A01488:311:HHFKJDSXC:1:1101:19370:1000 2:N:0:TGCTGGAT+NAGGTCGT 150 0 150 0
A01488:311:HHFKJDSXC:1:1101:19407:1000 1:N:0:TGCTGGAT+NAGGTCGT 149 1 150 0
A01488:311:HHFKJDSXC:1:1101:19407:1000 2:N:0:TGCTGGAT+NAGGTCGT 150 0 150 0
A01488:311:HHFKJDSXC:1:1101:19515:1000 1:N:0:TGCTGGAT+NAGGTCGT 149 1 150 0
A01488:311:HHFKJDSXC:1:1101:19515:1000 2:N:0:TGCTGGAT+NAGGTCGT 150 0 150 0
A01488:311:HHFKJDSXC:1:1101:20238:1000 1:N:0:TGCTGGAT+NAGGTCGT 149 1 150 0
A01488:311:HHFKJDSXC:1:1101:20238:1000 2:N:0:TGCTGGAT+NAGGTCGT 150 0 150 0
A01488:311:HHFKJDSXC:1:1101:20311:1000 1:N:0:TGCTGGAT+NAGGTCGT 149 1 150 0
A01488:311:HHFKJDSXC:1:1101:20311:1000 2:N:0:TGCTGGAT+NAGGTCGT 150 0 150 0
A01488:311:HHFKJDSXC:1:1101:20654:1000 1:N:0:TGCTGGAT+NAGGTCGT 149 1 150 0
A01488:311:HHFKJDSXC:1:1101:20654:1000 2:N:0:TGCTGGAT+NAGGTCGT 149 0 149 1
A01488:311:HHFKJDSXC:1:1101:20799:1000 1:N:0:TGCTGGAT+NAGGTCGT 149 1 150 0
A01488:311:HHFKJDSXC:1:1101:20799:1000 2:N:0:TGCTGGAT+NAGGTCGT 150 0 150 0
A01488:311:HHFKJDSXC:1:1101:21287:1000 1:N:0:TGCTGGAT+NAGGTCGT 149 1 150 0
A01488:311:HHFKJDSXC:1:1101:21287:1000 2:N:0:TGCTGGAT+NAGGTCGT 150 0 150 0
A01488:311:HHFKJDSXC:1:1101:21305:1000 1:N:0:TGCTGGAT+NAGGTCGT 149 1 150 0
A01488:311:HHFKJDSXC:1:1101:21305:1000 2:N:0:TGCTGGAT+NAGGTCGT 150 0 150 0
A01488:311:HHFKJDSXC:1:1101:21377:1000 1:N:0:TGCTGGAT+NAGGTCGT 149 1 150 0
A01488:311:HHFKJDSXC:1:1101:21377:1000 2:N:0:TGCTGGAT+NAGGTCGT 150 0 150 0
A01488:311:HHFKJDSXC:1:1101:21468:1000 1:N:0:TGCTGGAT+NAGGTCGT 149 1 150 0
A01488:311:HHFKJDSXC:1:1101:21468:1000 2:N:0:TGCTGGAT+NAGGTCGT 150 0 150 0
A01488:311:HHFKJDSXC:1:1101:21522:1000 1:N:0:TGCTGGAT+NAGGTCGT 149 1 150 0
A01488:311:HHFKJDSXC:1:1101:21522:1000 2:N:0:TGCTGGAT+NAGGTCGT 150 0 150 0
A01488:311:HHFKJDSXC:1:1101:21558:1000 1:N:0:TGCTGGAT+NAGGTCGT 149 1 150 0
A01488:311:HHFKJDSXC:1:1101:21558:1000 2:N:0:TGCTGGAT+NAGGTCGT 150 0 150 0
A01488:311:HHFKJDSXC:1:1101:22571:1000 1:N:0:TGCTGGAT+NAGGTCGT 149 1 150 0
A01488:311:HHFKJDSXC:1:1101:22571:1000 2:N:0:TGCTGGAT+NAGGTCGT 150 0 150 0
A01488:311:HHFKJDSXC:1:1101:22679:1000 1:N:0:TGCTGGAT+NAGGTCGT 149 1 150 0
A01488:311:HHFKJDSXC:1:1101:22679:1000 2:N:0:TGCTGGAT+NAGGTCGT 150 0 150 0
A01488:311:HHFKJDSXC:1:1101:23384:1000 1:N:0:TGCTGGAT+NAGGTCGT 149 1 150 0
A01488:311:HHFKJDSXC:1:1101:23384:1000 2:N:0:TGCTGGAT+NAGGTCGT 150 0 150 0
A01488:311:HHFKJDSXC:1:1101:23656:1000 1:N:0:TGCTGGAT+NAGGTCGT 149 1 150 0
A01488:311:HHFKJDSXC:1:1101:23656:1000 2:N:0:TGCTGGAT+NAGGTCGT 150 0 150 0
A01488:311:HHFKJDSXC:1:1101:24523:1000 1:N:0:TGCTGGAT+NAGGTCGT 149 1 150 0
A01488:311:HHFKJDSXC:1:1101:24523:1000 2:N:0:TGCTGGAT+NAGGTCGT 149 0 149 1
A01488:311:HHFKJDSXC:1:1101:24740:1000 1:N:0:TGCTGGAT+NAGGTCGT 149 1 150 0
A01488:311:HHFKJDSXC:1:1101:24740:1000 2:N:0:TGCTGGAT+NAGGTCGT 150 0 150 0
A01488:311:HHFKJDSXC:1:1101:25156:1000 1:N:0:TGCTGGAT+NAGGTCGT 149 1 150 0
A01488:311:HHFKJDSXC:1:1101:25156:1000 2:N:0:TGCTGGAT+NAGGTCGT 150 0 150 0
A01488:311:HHFKJDSXC:1:1101:26693:1000 1:N:0:TGCTGGAT+NAGGTCGT 149 1 150 0
A01488:311:HHFKJDSXC:1:1101:26693:1000 2:N:0:TGCTGGAT+NAGGTCGT 150 0 150 0
A01488:311:HHFKJDSXC:1:1101:26711:1000 1:N:0:TGCTGGAT+NAGGTCGT 149 1 150 0
A01488:311:HHFKJDSXC:1:1101:26711:1000 2:N:0:TGCTGGAT+NAGGTCGT 150 0 150 0
A01488:311:HHFKJDSXC:1:1101:26892:1000 1:N:0:TGCTGGAT+NAGGTCGT 149 1 150 0
A01488:311:HHFKJDSXC:1:1101:26892:1000 2:N:0:TGCTGGAT+NAGGTCGT 150 0 150 0
A01488:311:HHFKJDSXC:1:1101:26910:1000 1:N:0:TGCTGGAT+NAGGTCGT 149 1 150 0
A01488:311:HHFKJDSXC:1:1101:26910:1000 2:N:0:TGCTGGAT+NAGGTCGT 149 0 149 1
A01488:311:HHFKJDSXC:1:1101:26964:1000 1:N:0:TGCTGGAT+NAGGTCGT 149 1 150 0
A01488:311:HHFKJDSXC:1:1101:26964:1000 2:N:0:TGCTGGAT+NAGGTCGT 150 0 150 0
A01488:311:HHFKJDSXC:1:1101:27218:1000 1:N:0:TGCTGGAT+NAGGTCGT 149 1 150 0
A01488:311:HHFKJDSXC:1:1101:27218:1000 2:N:0:TGCTGGAT+NAGGTCGT 150 0 150 0
A01488:311:HHFKJDSXC:1:1101:27471:1000 1:N:0:TGCTGGAT+NAGGTCGT 149 1 150 0
A01488:311:HHFKJDSXC:1:1101:27471:1000 2:N:0:TGCTGGAT+NAGGTCGT 150 0 150 0
A01488:311:HHFKJDSXC:1:1101:27615:1000 1:N:0:TGCTGGAT+NAGGTCGT 149 1 150 0
A01488:311:HHFKJDSXC:1:1101:27615:1000 2:N:0:TGCTGGAT+NAGGTCGT 150 0 150 0
A01488:311:HHFKJDSXC:1:1101:27670:1000 1:N:0:TGCTGGAT+NAGGTCGT 149 1 150 0
A01488:311:HHFKJDSXC:1:1101:27670:1000 2:N:0:TGCTGGAT+NAGGTCGT 150 0 150 0
A01488:311:HHFKJDSXC:1:1101:27706:1000 1:N:0:TGCTGGAT+NAGGTCGT 149 1 150 0
A01488:311:HHFKJDSXC:1:1101:27706:1000 2:N:0:TGCTGGAT+NAGGTCGT 150 0 150 0
A01488:311:HHFKJDSXC:1:1101:27760:1000 1:N:0:TGCTGGAT+NAGGTCGT 149 1 150 0
A01488:311:HHFKJDSXC:1:1101:27760:1000 2:N:0:TGCTGGAT+NAGGTCGT 0 0 0 0
A01488:311:HHFKJDSXC:1:1101:27796:1000 1:N:0:TGCTGGAT+NAGGTCGT 149 1 150 0
A01488:311:HHFKJDSXC:1:1101:27796:1000 2:N:0:TGCTGGAT+NAGGTCGT 150 0 150 0
A01488:311:HHFKJDSXC:1:1101:28411:1000 1:N:0:TGCTGGAT+NAGGTCGT 149 1 150 0
A01488:311:HHFKJDSXC:1:1101:28411:1000 2:N:0:TGCTGGAT+NAGGTCGT 150 0 150 0
A01488:311:HHFKJDSXC:1:1101:28682:1000 1:N:0:TGCTGGAT+NAGGTCGT 149 1 150 0
A01488:311:HHFKJDSXC:1:1101:28682:1000 2:N:0:TGCTGGAT+NAGGTCGT 150 0 150 0
A01488:311:HHFKJDSXC:1:1101:28863:1000 1:N:0:TGCTGGAT+NAGGTCGT 149 1 150 0
A01488:311:HHFKJDSXC:1:1101:28863:1000 2:N:0:TGCTGGAT+NAGGTCGT 150 0 150 0
A01488:311:HHFKJDSXC:1:1101:29098:1000 1:N:0:TGCTGGAT+NAGGTCGT 149 1 150 0
A01488:311:HHFKJDSXC:1:1101:29098:1000 2:N:0:TGCTGGAT+NAGGTCGT 150 0 150 0
A01488:311:HHFKJDSXC:1:1101:29351:1000 1:N:0:TGCTGGAT+NAGGTCGT 149 1 150 0
A01488:311:HHFKJDSXC:1:1101:29351:1000 2:N:0:TGCTGGAT+NAGGTCGT 150 0 150 0
A01488:311:HHFKJDSXC:1:1101:29496:1000 1:N:0:TGCTGGAT+NAGGTCGT 149 1 150 0
A01488:311:HHFKJDSXC:1:1101:29496:1000 2:N:0:TGCTGGAT+NAGGTCGT 150 0 150 0
A01488:311:HHFKJDSXC:1:1101:29550:1000 1:N:0:TGCTGGAT+NAGGTCGT 149 1 150 0
A01488:311:HHFKJDSXC:1:1101:29550:1000 2:N:0:TGCTGGAT+NAGGTCGT 150 0 150 0
A01488:311:HHFKJDSXC:1:1101:30002:1000 1:N:0:TGCTGGAT+NAGGTCGT 149 1 150 0
A01488:311:HHFKJDSXC:1:1101:30002:1000 2:N:0:TGCTGGAT+NAGGTCGT 150 0 150 0
A01488:311:HHFKJDSXC:1:1101:30020:1000 1:N:0:TGCTGGAT+NAGGTCGT 149 1 150 0
A01488:311:HHFKJDSXC:1:1101:30020:1000 2:N:0:TGCTGGAT+NAGGTCGT 150 0 150 0
A01488:311:HHFKJDSXC:1:1101:30382:1000 1:N:0:TGCTGGAT+NAGGTCGT 149 1 150 0
A01488:311:HHFKJDSXC:1:1101:30382:1000 2:N:0:TGCTGGAT+NAGGTCGT 150 0 150 0
A01488:311:HHFKJDSXC:1:1101:30816:1000 1:N:0:TGCTGGAT+NAGGTCGT 149 1 150 0
A01488:311:HHFKJDSXC:1:1101:30816:1000 2:N:0:TGCTGGAT+NAGGTCGT 150 0 150 0
A01488:311:HHFKJDSXC:1:1101:31123:1000 1:N:0:TGCTGGAT+NAGGTCGT 149 1 150 0
A01488:311:HHFKJDSXC:1:1101:31123:1000 2:N:0:TGCTGGAT+NAGGTCGT 150 0 150 0
A01488:311:HHFKJDSXC:1:1101:31430:1000 1:N:0:TGCTGGAT+NAGGTCGT 149 1 150 0
A01488:311:HHFKJDSXC:1:1101:31430:1000 2:N:0:TGCTGGAT+NAGGTCGT 150 0 150 0
A01488:311:HHFKJDSXC:1:1101:31448:1000 1:N:0:TGCTGGAT+NAGGTCGT 149 1 150 0
A01488:311:HHFKJDSXC:1:1101:31448:1000 2:N:0:TGCTGGAT+NAGGTCGT 150 0 150 0
A01488:311:HHFKJDSXC:1:1101:1226:1016 1:N:0:TGCTGGAT+NAGGTCGT 150 0 150 0
A01488:311:HHFKJDSXC:1:1101:1226:1016 2:N:0:TGCTGGAT+NAGGTCGT 150 0 150 0
A01488:311:HHFKJDSXC:1:1101:1588:1016 1:N:0:TGCTGGAT+NAGGTCGT 150 0 150 0
A01488:311:HHFKJDSXC:1:1101:1588:1016 2:N:0:TGCTGGAT+NAGGTCGT 150 0 150 0
A01488:311:HHFKJDSXC:1:1101:1805:1016 1:N:0:TGCTGGAT+NAGGTCGT 150 0 150 0
A01488:311:HHFKJDSXC:1:1101:1805:1016 2:N:0:TGCTGGAT+NAGGTCGT 150 0 150 0
A01488:311:HHFKJDSXC:1:1101:2781:1016 1:N:0:TGCTGGAT+NAGGTCGT 150 0 150 0
A01488:311:HHFKJDSXC:1:1101:2781:1016 2:N:0:TGCTGGAT+NAGGTCGT 150 0 150 0
A01488:311:HHFKJDSXC:1:1101:2962:1016 1:N:0:TGCTGGAT+NAGGTCGT 150 0 150 0
A01488:311:HHFKJDSXC:1:1101:2962:1016 2:N:0:TGCTGGAT+NAGGTCGT 150 0 150 0
A01488:311:HHFKJDSXC:1:1101:4119:1016 1:N:0:TGCTGGAT+NAGGTCGT 150 0 150 0
A01488:311:HHFKJDSXC:1:1101:4119:1016 2:N:0:TGCTGGAT+NAGGTCGT 150 0 150 0
A01488:311:HHFKJDSXC:1:1101:5819:1016 1:N:0:TGCTGGAT+NAGGTCGT 150 0 150 0
A01488:311:HHFKJDSXC:1:1101:5819:1016 2:N:0:TGCTGGAT+NAGGTCGT 150 0 150 0
A01488:311:HHFKJDSXC:1:1101:6054:1016 1:N:0:TGCTGGAT+NAGGTCGT 150 0 150 0
A01488:311:HHFKJDSXC:1:1101:6054:1016 2:N:0:TGCTGGAT+NAGGTCGT 150 0 150 0
A01488:311:HHFKJDSXC:1:1101:6361:1016 1:N:0:TGCTGGAT+NAGGTCGT 150 0 150 0
A01488:311:HHFKJDSXC:1:1101:6361:1016 2:N:0:TGCTGGAT+NAGGTCGT 150 0 150 0
A01488:311:HHFKJDSXC:1:1101:6596:1016 1:N:0:TGCTGGAT+NAGGTCGT 148 2 150 0
A01488:311:HHFKJDSXC:1:1101:6596:1016 2:N:0:TGCTGGAT+NAGGTCGT 64 0 64 86
A01488:311:HHFKJDSXC:1:1101:6723:1016 1:N:0:TGCTGGAT+NAGGTCGT 150 0 150 0
A01488:311:HHFKJDSXC:1:1101:6723:1016 2:N:0:TGCTGGAT+NAGGTCGT 150 0 150 0
A01488:311:HHFKJDSXC:1:1101:7102:1016 1:N:0:TGCTGGAT+NAGGTCGT 150 0 150 0
A01488:311:HHFKJDSXC:1:1101:7102:1016 2:N:0:TGCTGGAT+NAGGTCGT 150 0 150 0
A01488:311:HHFKJDSXC:1:1101:7120:1016 1:N:0:TGCTGGAT+NAGGTCGT 150 0 150 0
A01488:311:HHFKJDSXC:1:1101:7120:1016 2:N:0:TGCTGGAT+NAGGTCGT 150 0 150 0
A01488:311:HHFKJDSXC:1:1101:7157:1016 1:N:0:TGCTGGAT+NAGGTCGT 150 0 150 0
A01488:311:HHFKJDSXC:1:1101:7157:1016 2:N:0:TGCTGGAT+NAGGTCGT 150 0 150 0
A01488:311:HHFKJDSXC:1:1101:7193:1016 1:N:0:TGCTGGAT+NAGGTCGT 150 0 150 0
A01488:311:HHFKJDSXC:1:1101:7193:1016 2:N:0:TGCTGGAT+NAGGTCGT 150 0 150 0
A01488:311:HHFKJDSXC:1:1101:7572:1016 1:N:0:TGCTGGAT+NAGGTCGT 150 0 150 0
A01488:311:HHFKJDSXC:1:1101:7572:1016 2:N:0:TGCTGGAT+NAGGTCGT 150 0 150 0
A01488:311:HHFKJDSXC:1:1101:7591:1016 1:N:0:TGCTGGAT+NAGGTCGT 150 0 150 0
A01488:311:HHFKJDSXC:1:1101:7591:1016 2:N:0:TGCTGGAT+NAGGTCGT 150 0 150 0
A01488:311:HHFKJDSXC:1:1101:7627:1016 1:N:0:TGCTGGAT+NAGGTCGT 150 0 150 0
A01488:311:HHFKJDSXC:1:1101:7627:1016 2:N:0:TGCTGGAT+NAGGTCGT 150 0 150 0
A01488:311:HHFKJDSXC:1:1101:7645:1016 1:N:0:TGCTGGAT+NAGGTCGT 150 0 150 0
A01488:311:HHFKJDSXC:1:1101:7645:1016 2:N:0:TGCTGGAT+NAGGTCGT 150 0 150 0
A01488:311:HHFKJDSXC:1:1101:7771:1016 1:N:0:TGCTGGAT+NAGGTCGT 150 0 150 0
A01488:311:HHFKJDSXC:1:1101:7771:1016 2:N:0:TGCTGGAT+NAGGTCGT 150 0 150 0
A01488:311:HHFKJDSXC:1:1101:8151:1016 1:N:0:TGCTGGAT+NAGGTCGT 150 0 150 0
A01488:311:HHFKJDSXC:1:1101:8151:1016 2:N:0:TGCTGGAT+NAGGTCGT 150 0 150 0
A01488:311:HHFKJDSXC:1:1101:8440:1016 1:N:0:TGCTGGAT+NAGGTCGT 150 0 150 0
A01488:311:HHFKJDSXC:1:1101:8440:1016 2:N:0:TGCTGGAT+NAGGTCGT 150 0 150 0
A01488:311:HHFKJDSXC:1:1101:8639:1016 1:N:0:TGCTGGAT+NAGGTCGT 150 0 150 0
A01488:311:HHFKJDSXC:1:1101:8639:1016 2:N:0:TGCTGGAT+NAGGTCGT 150 0 150 0
A01488:311:HHFKJDSXC:1:1101:9471:1016 1:N:0:TGCTGGAT+NAGGTCGT 150 0 150 0
A01488:311:HHFKJDSXC:1:1101:9471:1016 2:N:0:TGCTGGAT+NAGGTCGT 150 0 150 0
A01488:311:HHFKJDSXC:1:1101:10411:1016 1:N:0:TGCTGGAT+NAGGTCGT 150 0 150 0
A01488:311:HHFKJDSXC:1:1101:10411:1016 2:N:0:TGCTGGAT+NAGGTCGT 150 0 150 0
A01488:311:HHFKJDSXC:1:1101:10502:1016 1:N:0:TGCTGGAT+NAGGTCGT 150 0 150 0
A01488:311:HHFKJDSXC:1:1101:10502:1016 2:N:0:TGCTGGAT+NAGGTCGT 150 0 150 0
A01488:311:HHFKJDSXC:1:1101:10520:1016 1:N:0:TGCTGGAT+NAGGTCGT 150 0 150 0
A01488:311:HHFKJDSXC:1:1101:10520:1016 2:N:0:TGCTGGAT+NAGGTCGT 150 0 150 0
A01488:311:HHFKJDSXC:1:1101:11116:1016 1:N:0:TGCTGGAT+NAGGTCGT 150 0 150 0
A01488:311:HHFKJDSXC:1:1101:11116:1016 2:N:0:TGCTGGAT+NAGGTCGT 150 0 150 0
A01488:311:HHFKJDSXC:1:1101:11424:1016 1:N:0:TGCTGGAT+NAGGTCGT 150 0 150 0
A01488:311:HHFKJDSXC:1:1101:11424:1016 2:N:0:TGCTGGAT+NAGGTCGT 150 0 150 0
A01488:311:HHFKJDSXC:1:1101:11514:1016 1:N:0:TGCTGGAT+NAGGTCGT 150 0 150 0
A01488:311:HHFKJDSXC:1:1101:11514:1016 2:N:0:TGCTGGAT+NAGGTCGT 150 0 150 0
A01488:311:HHFKJDSXC:1:1101:12292:1016 1:N:0:TGCTGGAT+NAGGTCGT 150 0 150 0
A01488:311:HHFKJDSXC:1:1101:12292:1016 2:N:0:TGCTGGAT+NAGGTCGT 150 0 150 0
A01488:311:HHFKJDSXC:1:1101:12454:1016 1:N:0:TGCTGGAT+NAGGTCGT 150 0 150 0
A01488:311:HHFKJDSXC:1:1101:12454:1016 2:N:0:TGCTGGAT+NAGGTCGT 150 0 150 0
A01488:311:HHFKJDSXC:1:1101:12798:1016 1:N:0:TGCTGGAT+NAGGTCGT 150 0 150 0
A01488:311:HHFKJDSXC:1:1101:12798:1016 2:N:0:TGCTGGAT+NAGGTCGT 150 0 150 0
A01488:311:HHFKJDSXC:1:1101:12852:1016 1:N:0:TGCTGGAT+NAGGTCGT 150 0 150 0
A01488:311:HHFKJDSXC:1:1101:12852:1016 2:N:0:TGCTGGAT+NAGGTCGT 150 0 150 0
A01488:311:HHFKJDSXC:1:1101:13033:1016 1:N:0:TGCTGGAT+NAGGTCGT 150 0 150 0
A01488:311:HHFKJDSXC:1:1101:13033:1016 2:N:0:TGCTGGAT+NAGGTCGT 150 0 150 0
A01488:311:HHFKJDSXC:1:1101:13069:1016 1:N:0:TGCTGGAT+NAGGTCGT 150 0 150 0
A01488:311:HHFKJDSXC:1:1101:13069:1016 2:N:0:TGCTGGAT+NAGGTCGT 150 0 150 0
A01488:311:HHFKJDSXC:1:1101:13395:1016 1:N:0:TGCTGGAT+NAGGTCGT 140 0 140 10
A01488:311:HHFKJDSXC:1:1101:13395:1016 2:N:0:TGCTGGAT+NAGGTCGT 150 0 150 0
A01488:311:HHFKJDSXC:1:1101:13431:1016 1:N:0:TGCTGGAT+NAGGTCGT 150 0 150 0
A01488:311:HHFKJDSXC:1:1101:13431:1016 2:N:0:TGCTGGAT+NAGGTCGT 149 1 150 0
A01488:311:HHFKJDSXC:1:1101:13648:1016 1:N:0:TGCTGGAT+NAGGTCGT 150 0 150 0
A01488:311:HHFKJDSXC:1:1101:13648:1016 2:N:0:TGCTGGAT+NAGGTCGT 150 0 150 0
A01488:311:HHFKJDSXC:1:1101:14100:1016 1:N:0:TGCTGGAT+NAGGTCGT 150 0 150 0
A01488:311:HHFKJDSXC:1:1101:14100:1016 2:N:0:TGCTGGAT+NAGGTCGT 150 0 150 0
A01488:311:HHFKJDSXC:1:1101:14588:1016 1:N:0:TGCTGGAT+NAGGTCGT 150 0 150 0
A01488:311:HHFKJDSXC:1:1101:14588:1016 2:N:0:TGCTGGAT+NAGGTCGT 150 0 150 0
A01488:311:HHFKJDSXC:1:1101:14769:1016 1:N:0:TGCTGGAT+NAGGTCGT 150 0 150 0
A01488:311:HHFKJDSXC:1:1101:14769:1016 2:N:0:TGCTGGAT+NAGGTCGT 149 0 149 1
A01488:311:HHFKJDSXC:1:1101:14913:1016 1:N:0:TGCTGGAT+NAGGTCGT 150 0 150 0
A01488:311:HHFKJDSXC:1:1101:14913:1016 2:N:0:TGCTGGAT+NAGGTCGT 150 0 150 0
A01488:311:HHFKJDSXC:1:1101:15745:1016 1:N:0:TGCTGGAT+NAGGTCGT 149 1 150 0
A01488:311:HHFKJDSXC:1:1101:15745:1016 2:N:0:TGCTGGAT+NAGGTCGT 150 0 150 0
A01488:311:HHFKJDSXC:1:1101:16378:1016 1:N:0:TGCTGGAT+NAGGTCGT 149 1 150 0
A01488:311:HHFKJDSXC:1:1101:16378:1016 2:N:0:TGCTGGAT+NAGGTCGT 150 0 150 0
A01488:311:HHFKJDSXC:1:1101:16631:1016 1:N:0:TGCTGGAT+NAGGTCGT 149 1 150 0
A01488:311:HHFKJDSXC:1:1101:16631:1016 2:N:0:TGCTGGAT+NAGGTCGT 150 0 150 0
A01488:311:HHFKJDSXC:1:1101:16703:1016 1:N:0:TGCTGGAT+NAGGTCGT 149 1 150 0
A01488:311:HHFKJDSXC:1:1101:16703:1016 2:N:0:TGCTGGAT+NAGGTCGT 150 0 150 0
A01488:311:HHFKJDSXC:1:1101:17499:1016 1:N:0:TGCTGGAT+NAGGTCGT 149 1 150 0
A01488:311:HHFKJDSXC:1:1101:17499:1016 2:N:0:TGCTGGAT+NAGGTCGT 150 0 150 0
A01488:311:HHFKJDSXC:1:1101:17806:1016 1:N:0:TGCTGGAT+NAGGTCGT 149 1 150 0
A01488:311:HHFKJDSXC:1:1101:17806:1016 2:N:0:TGCTGGAT+NAGGTCGT 150 0 150 0
A01488:311:HHFKJDSXC:1:1101:18005:1016 1:N:0:TGCTGGAT+NAGGTCGT 149 1 150 0
A01488:311:HHFKJDSXC:1:1101:18005:1016 2:N:0:TGCTGGAT+NAGGTCGT 150 0 150 0
A01488:311:HHFKJDSXC:1:1101:18150:1016 1:N:0:TGCTGGAT+NAGGTCGT 149 1 150 0
A01488:311:HHFKJDSXC:1:1101:18150:1016 2:N:0:TGCTGGAT+NAGGTCGT 150 0 150 0
A01488:311:HHFKJDSXC:1:1101:18222:1016 1:N:0:TGCTGGAT+NAGGTCGT 149 1 150 0
A01488:311:HHFKJDSXC:1:1101:18222:1016 2:N:0:TGCTGGAT+NAGGTCGT 150 0 150 0
A01488:311:HHFKJDSXC:1:1101:18891:1016 1:N:0:TGCTGGAT+NAGGTCGT 149 1 150 0
A01488:311:HHFKJDSXC:1:1101:18891:1016 2:N:0:TGCTGGAT+NAGGTCGT 150 0 150 0
A01488:311:HHFKJDSXC:1:1101:18945:1016 1:N:0:TGCTGGAT+NAGGTCGT 149 1 150 0
A01488:311:HHFKJDSXC:1:1101:18945:1016 2:N:0:TGCTGGAT+NAGGTCGT 150 0 150 0
A01488:311:HHFKJDSXC:1:1101:19144:1016 1:N:0:TGCTGGAT+NAGGTCGT 149 1 150 0
A01488:311:HHFKJDSXC:1:1101:19144:1016 2:N:0:TGCTGGAT+NAGGTCGT 150 0 150 0
A01488:311:HHFKJDSXC:1:1101:19162:1016 1:N:0:TGCTGGAT+NAGGTCGT 149 1 150 0
A01488:311:HHFKJDSXC:1:1101:19162:1016 2:N:0:TGCTGGAT+NAGGTCGT 150 0 150 0
A01488:311:HHFKJDSXC:1:1101:19633:1016 1:N:0:TGCTGGAT+NAGGTCGT 149 1 150 0
A01488:311:HHFKJDSXC:1:1101:19633:1016 2:N:0:TGCTGGAT+NAGGTCGT 150 0 150 0
A01488:311:HHFKJDSXC:1:1101:19669:1016 1:N:0:TGCTGGAT+NAGGTCGT 149 1 150 0
A01488:311:HHFKJDSXC:1:1101:19669:1016 2:N:0:TGCTGGAT+NAGGTCGT 150 0 150 0
A01488:311:HHFKJDSXC:1:1101:19904:1016 1:N:0:TGCTGGAT+NAGGTCGT 149 1 150 0
A01488:311:HHFKJDSXC:1:1101:19904:1016 2:N:0:TGCTGGAT+NAGGTCGT 150 0 150 0
A01488:311:HHFKJDSXC:1:1101:20030:1016 1:N:0:TGCTGGAT+NAGGTCGT 149 1 150 0
A01488:311:HHFKJDSXC:1:1101:20030:1016 2:N:0:TGCTGGAT+NAGGTCGT 150 0 150 0
A01488:311:HHFKJDSXC:1:1101:20338:1016 1:N:0:TGCTGGAT+NAGGTCGT 148 1 149 1
A01488:311:HHFKJDSXC:1:1101:20338:1016 2:N:0:TGCTGGAT+NAGGTCGT 150 0 150 0
A01488:311:HHFKJDSXC:1:1101:20464:1016 1:N:0:TGCTGGAT+NAGGTCGT 149 1 150 0
A01488:311:HHFKJDSXC:1:1101:20464:1016 2:N:0:TGCTGGAT+NAGGTCGT 150 0 150 0
A01488:311:HHFKJDSXC:1:1101:20555:1016 1:N:0:TGCTGGAT+NAGGTCGT 149 1 150 0
A01488:311:HHFKJDSXC:1:1101:20555:1016 2:N:0:TGCTGGAT+NAGGTCGT 150 0 150 0
A01488:311:HHFKJDSXC:1:1101:20754:1016 1:N:0:TGCTGGAT+NAGGTCGT 149 1 150 0
A01488:311:HHFKJDSXC:1:1101:20754:1016 2:N:0:TGCTGGAT+NAGGTCGT 150 0 150 0
A01488:311:HHFKJDSXC:1:1101:21079:1016 1:N:0:TGCTGGAT+NAGGTCGT 149 1 150 0
A01488:311:HHFKJDSXC:1:1101:21079:1016 2:N:0:TGCTGGAT+NAGGTCGT 150 0 150 0
A01488:311:HHFKJDSXC:1:1101:21151:1016 1:N:0:TGCTGGAT+NAGGTCGT 149 1 150 0
A01488:311:HHFKJDSXC:1:1101:21151:1016 2:N:0:TGCTGGAT+NAGGTCGT 150 0 150 0
A01488:311:HHFKJDSXC:1:1101:21350:1016 1:N:0:TGCTGGAT+NAGGTCGT 149 1 150 0
A01488:311:HHFKJDSXC:1:1101:21350:1016 2:N:0:TGCTGGAT+NAGGTCGT 150 0 150 0
A01488:311:HHFKJDSXC:1:1101:21441:1016 1:N:0:TGCTGGAT+NAGGTCGT 149 1 150 0
A01488:311:HHFKJDSXC:1:1101:21441:1016 2:N:0:TGCTGGAT+NAGGTCGT 150 0 150 0
A01488:311:HHFKJDSXC:1:1101:21640:1016 1:N:0:TGCTGGAT+NAGGTCGT 149 1 150 0
A01488:311:HHFKJDSXC:1:1101:21640:1016 2:N:0:TGCTGGAT+NAGGTCGT 150 0 150 0
A01488:311:HHFKJDSXC:1:1101:21856:1016 1:N:0:TGCTGGAT+NAGGTCGT 149 1 150 0
A01488:311:HHFKJDSXC:1:1101:21856:1016 2:N:0:TGCTGGAT+NAGGTCGT 150 0 150 0
A01488:311:HHFKJDSXC:1:1101:22019:1016 1:N:0:TGCTGGAT+NAGGTCGT 149 1 150 0
A01488:311:HHFKJDSXC:1:1101:22019:1016 2:N:0:TGCTGGAT+NAGGTCGT 150 0 150 0
A01488:311:HHFKJDSXC:1:1101:22254:1016 1:N:0:TGCTGGAT+NAGGTCGT 149 1 150 0
A01488:311:HHFKJDSXC:1:1101:22254:1016 2:N:0:TGCTGGAT+NAGGTCGT 150 0 150 0
A01488:311:HHFKJDSXC:1:1101:22652:1016 1:N:0:TGCTGGAT+NAGGTCGT 149 1 150 0
A01488:311:HHFKJDSXC:1:1101:22652:1016 2:N:0:TGCTGGAT+NAGGTCGT 150 0 150 0
A01488:311:HHFKJDSXC:1:1101:22761:1016 1:N:0:TGCTGGAT+NAGGTCGT 149 1 150 0
A01488:311:HHFKJDSXC:1:1101:22761:1016 2:N:0:TGCTGGAT+NAGGTCGT 150 0 150 0
A01488:311:HHFKJDSXC:1:1101:23050:1016 1:N:0:TGCTGGAT+NAGGTCGT 149 1 150 0
A01488:311:HHFKJDSXC:1:1101:23050:1016 2:N:0:TGCTGGAT+NAGGTCGT 150 0 150 0
A01488:311:HHFKJDSXC:1:1101:23339:1016 1:N:0:TGCTGGAT+NAGGTCGT 149 1 150 0
A01488:311:HHFKJDSXC:1:1101:23339:1016 2:N:0:TGCTGGAT+NAGGTCGT 150 0 150 0
A01488:311:HHFKJDSXC:1:1101:23411:1016 1:N:0:TGCTGGAT+NAGGTCGT 149 1 150 0
A01488:311:HHFKJDSXC:1:1101:23411:1016 2:N:0:TGCTGGAT+NAGGTCGT 150 0 150 0
A01488:311:HHFKJDSXC:1:1101:23610:1016 1:N:0:TGCTGGAT+NAGGTCGT 149 1 150 0
A01488:311:HHFKJDSXC:1:1101:23610:1016 2:N:0:TGCTGGAT+NAGGTCGT 150 0 150 0
A01488:311:HHFKJDSXC:1:1101:24243:1016 1:N:0:TGCTGGAT+NAGGTCGT 149 1 150 0
A01488:311:HHFKJDSXC:1:1101:24243:1016 2:N:0:TGCTGGAT+NAGGTCGT 150 0 150 0
A01488:311:HHFKJDSXC:1:1101:24894:1016 1:N:0:TGCTGGAT+NAGGTCGT 149 1 150 0
A01488:311:HHFKJDSXC:1:1101:24894:1016 2:N:0:TGCTGGAT+NAGGTCGT 150 0 150 0
A01488:311:HHFKJDSXC:1:1101:24912:1016 1:N:0:TGCTGGAT+NAGGTCGT 149 1 150 0
A01488:311:HHFKJDSXC:1:1101:24912:1016 2:N:0:TGCTGGAT+NAGGTCGT 150 0 150 0
A01488:311:HHFKJDSXC:1:1101:25147:1016 1:N:0:TGCTGGAT+NAGGTCGT 149 1 150 0
A01488:311:HHFKJDSXC:1:1101:25147:1016 2:N:0:TGCTGGAT+NAGGTCGT 150 0 150 0
A01488:311:HHFKJDSXC:1:1101:25617:1016 1:N:0:TGCTGGAT+NAGGTCGT 149 1 150 0
A01488:311:HHFKJDSXC:1:1101:25617:1016 2:N:0:TGCTGGAT+NAGGTCGT 150 0 150 0
A01488:311:HHFKJDSXC:1:1101:25997:1016 1:N:0:TGCTGGAT+NAGGTCGT 149 1 150 0
A01488:311:HHFKJDSXC:1:1101:25997:1016 2:N:0:TGCTGGAT+NAGGTCGT 150 0 150 0
A01488:311:HHFKJDSXC:1:1101:26485:1016 1:N:0:TGCTGGAT+NAGGTCGT 149 1 150 0
A01488:311:HHFKJDSXC:1:1101:26485:1016 2:N:0:TGCTGGAT+NAGGTCGT 150 0 150 0
A01488:311:HHFKJDSXC:1:1101:27172:1016 1:N:0:TGCTGGAT+NAGGTCGT 149 1 150 0
A01488:311:HHFKJDSXC:1:1101:27172:1016 2:N:0:TGCTGGAT+NAGGTCGT 150 0 150 0
A01488:311:HHFKJDSXC:1:1101:27371:1016 1:N:0:TGCTGGAT+NAGGTCGT 149 1 150 0
A01488:311:HHFKJDSXC:1:1101:27371:1016 2:N:0:TGCTGGAT+NAGGTCGT 150 0 150 0
A01488:311:HHFKJDSXC:1:1101:27859:1016 1:N:0:TGCTGGAT+NAGGTCGT 149 1 150 0
A01488:311:HHFKJDSXC:1:1101:27859:1016 2:N:0:TGCTGGAT+NAGGTCGT 150 0 150 0
A01488:311:HHFKJDSXC:1:1101:28022:1016 1:N:0:TGCTGGAT+NAGGTCGT 149 1 150 0
A01488:311:HHFKJDSXC:1:1101:28022:1016 2:N:0:TGCTGGAT+NAGGTCGT 150 0 150 0
A01488:311:HHFKJDSXC:1:1101:28058:1016 1:N:0:TGCTGGAT+NAGGTCGT 149 1 150 0
A01488:311:HHFKJDSXC:1:1101:28058:1016 2:N:0:TGCTGGAT+NAGGTCGT 150 0 150 0
A01488:311:HHFKJDSXC:1:1101:28348:1016 1:N:0:TGCTGGAT+NAGGTCGT 149 1 150 0
A01488:311:HHFKJDSXC:1:1101:28348:1016 2:N:0:TGCTGGAT+NAGGTCGT 150 0 150 0
A01488:311:HHFKJDSXC:1:1101:28763:1016 1:N:0:TGCTGGAT+NAGGTCGT 149 1 150 0
A01488:311:HHFKJDSXC:1:1101:28763:1016 2:N:0:TGCTGGAT+NAGGTCGT 150 0 150 0
A01488:311:HHFKJDSXC:1:1101:30156:1016 1:N:0:TGCTGGAT+NAGGTCGT 149 1 150 0
A01488:311:HHFKJDSXC:1:1101:30156:1016 2:N:0:TGCTGGAT+NAGGTCGT 150 0 150 0
A01488:311:HHFKJDSXC:1:1101:30915:1016 1:N:0:TGCTGGAT+NAGGTCGT 149 1 150 0
A01488:311:HHFKJDSXC:1:1101:30915:1016 2:N:0:TGCTGGAT+NAGGTCGT 150 0 150 0
A01488:311:HHFKJDSXC:1:1101:31729:1016 1:N:0:TGCTGGAT+NAGGTCGT 149 1 150 0
A01488:311:HHFKJDSXC:1:1101:31729:1016 2:N:0:TGCTGGAT+NAGGTCGT 150 0 150 0
A01488:311:HHFKJDSXC:1:1101:31783:1016 1:N:0:TGCTGGAT+NAGGTCGT 149 1 150 0
A01488:311:HHFKJDSXC:1:1101:31783:1016 2:N:0:TGCTGGAT+NAGGTCGT 150 0 150 0
A01488:311:HHFKJDSXC:1:1101:31801:1016 1:N:0:TGCTGGAT+NAGGTCGT 149 1 150 0
A01488:311:HHFKJDSXC:1:1101:31801:1016 2:N:0:TGCTGGAT+NAGGTCGT 150 0 150 0
A01488:311:HHFKJDSXC:1:1101:31837:1016 1:N:0:TGCTGGAT+NAGGTCGT 149 1 150 0
A01488:311:HHFKJDSXC:1:1101:31837:1016 2:N:0:TGCTGGAT+NAGGTCGT 150 0 150 0
A01488:311:HHFKJDSXC:1:1101:32199:1016 1:N:0:TGCTGGAT+NAGGTCGT 149 1 150 0
A01488:311:HHFKJDSXC:1:1101:32199:1016 2:N:0:TGCTGGAT+NAGGTCGT 150 0 150 0
A01488:311:HHFKJDSXC:1:1101:1470:1031 1:N:0:TGCTGGAT+TAGGTCGT 150 0 150 0
A01488:311:HHFKJDSXC:1:1101:1470:1031 2:N:0:TGCTGGAT+TAGGTCGT 150 0 150 0
A01488:311:HHFKJDSXC:1:1101:2103:1031 1:N:0:TGCTGGAT+TAGGTCGT 150 0 150 0
A01488:311:HHFKJDSXC:1:1101:2103:1031 2:N:0:TGCTGGAT+TAGGTCGT 150 0 150 0
A01488:311:HHFKJDSXC:1:1101:2465:1031 1:N:0:TGCTGGAT+TAGGTCGT 150 0 150 0
A01488:311:HHFKJDSXC:1:1101:2465:1031 2:N:0:TGCTGGAT+TAGGTCGT 150 0 150 0
A01488:311:HHFKJDSXC:1:1101:2899:1031 1:N:0:TGCTGGAT+TAGGTCGT 150 0 150 0
A01488:311:HHFKJDSXC:1:1101:2899:1031 2:N:0:TGCTGGAT+TAGGTCGT 150 0 150 0
A01488:311:HHFKJDSXC:1:1101:3061:1031 1:N:0:TGCTGGAT+TAGGTCGT 150 0 150 0
A01488:311:HHFKJDSXC:1:1101:3061:1031 2:N:0:TGCTGGAT+TAGGTCGT 150 0 150 0
A01488:311:HHFKJDSXC:1:1101:3079:1031 1:N:0:TGCTGGAT+TAGGTCGT 150 0 150 0
A01488:311:HHFKJDSXC:1:1101:3079:1031 2:N:0:TGCTGGAT+TAGGTCGT 150 0 150 0
A01488:311:HHFKJDSXC:1:1101:3531:1031 1:N:0:TGCTGGAT+TAGGTCGT 150 0 150 0
A01488:311:HHFKJDSXC:1:1101:3531:1031 2:N:0:TGCTGGAT+TAGGTCGT 150 0 150 0
A01488:311:HHFKJDSXC:1:1101:4020:1031 1:N:0:TGCTGGAT+TAGGTCGT 150 0 150 0
A01488:311:HHFKJDSXC:1:1101:4020:1031 2:N:0:TGCTGGAT+TAGGTCGT 150 0 150 0
A01488:311:HHFKJDSXC:1:1101:4092:1031 1:N:0:TGCTGGAT+TAGGTCGT 150 0 150 0
A01488:311:HHFKJDSXC:1:1101:4092:1031 2:N:0:TGCTGGAT+TAGGTCGT 150 0 150 0
A01488:311:HHFKJDSXC:1:1101:4363:1031 1:N:0:TGCTGGAT+TAGGTCGT 150 0 150 0
A01488:311:HHFKJDSXC:1:1101:4363:1031 2:N:0:TGCTGGAT+TAGGTCGT 150 0 150 0
A01488:311:HHFKJDSXC:1:1101:6352:1031 1:N:0:TGCTGGAT+NAGGTCGT 150 0 150 0
A01488:311:HHFKJDSXC:1:1101:6352:1031 2:N:0:TGCTGGAT+NAGGTCGT 150 0 150 0
A01488:311:HHFKJDSXC:1:1101:7365:1031 1:N:0:TGCTGGAT+NAGGTCGT 150 0 150 0
A01488:311:HHFKJDSXC:1:1101:7365:1031 2:N:0:TGCTGGAT+NAGGTCGT 150 0 150 0
A01488:311:HHFKJDSXC:1:1101:7545:1031 1:N:0:TGCTGGAT+NAGGTCGT 150 0 150 0
A01488:311:HHFKJDSXC:1:1101:7545:1031 2:N:0:TGCTGGAT+NAGGTCGT 148 2 150 0
A01488:311:HHFKJDSXC:1:1101:7581:1031 1:N:0:TGCTGGAT+NAGGTCGT 150 0 150 0
A01488:311:HHFKJDSXC:1:1101:7581:1031 2:N:0:TGCTGGAT+NAGGTCGT 150 0 150 0
A01488:311:HHFKJDSXC:1:1101:8214:1031 1:N:0:TGCTGGAT+NAGGTCGT 150 0 150 0
A01488:311:HHFKJDSXC:1:1101:8214:1031 2:N:0:TGCTGGAT+NAGGTCGT 150 0 150 0
A01488:311:HHFKJDSXC:1:1101:8232:1031 1:N:0:TGCTGGAT+NAGGTCGT 150 0 150 0
A01488:311:HHFKJDSXC:1:1101:8232:1031 2:N:0:TGCTGGAT+NAGGTCGT 150 0 150 0
A01488:311:HHFKJDSXC:1:1101:8359:1031 1:N:0:TGCTGGAT+NAGGTCGT 150 0 150 0
A01488:311:HHFKJDSXC:1:1101:8359:1031 2:N:0:TGCTGGAT+NAGGTCGT 150 0 150 0
A01488:311:HHFKJDSXC:1:1101:8739:1031 1:N:0:TGCTGGAT+NAGGTCGT 150 0 150 0
A01488:311:HHFKJDSXC:1:1101:8739:1031 2:N:0:TGCTGGAT+NAGGTCGT 150 0 150 0
A01488:311:HHFKJDSXC:1:1101:8901:1031 1:N:0:TGCTGGAT+NAGGTCGT 150 0 150 0
A01488:311:HHFKJDSXC:1:1101:8901:1031 2:N:0:TGCTGGAT+NAGGTCGT 150 0 150 0
A01488:311:HHFKJDSXC:1:1101:9028:1031 1:N:0:TGCTGGAT+NAGGTCGT 150 0 150 0
A01488:311:HHFKJDSXC:1:1101:9028:1031 2:N:0:TGCTGGAT+NAGGTCGT 150 0 150 0
A01488:311:HHFKJDSXC:1:1101:9462:1031 1:N:0:TGCTGGAT+NAGGTCGT 150 0 150 0
A01488:311:HHFKJDSXC:1:1101:9462:1031 2:N:0:TGCTGGAT+NAGGTCGT 150 0 150 0
A01488:311:HHFKJDSXC:1:1101:9498:1031 1:N:0:TGCTGGAT+NAGGTCGT 150 0 150 0
A01488:311:HHFKJDSXC:1:1101:9498:1031 2:N:0:TGCTGGAT+NAGGTCGT 150 0 150 0
A01488:311:HHFKJDSXC:1:1101:10022:1031 1:N:0:TGCTGGAT+NAGGTCGT 150 0 150 0
A01488:311:HHFKJDSXC:1:1101:10022:1031 2:N:0:TGCTGGAT+NAGGTCGT 150 0 150 0
A01488:311:HHFKJDSXC:1:1101:10167:1031 1:N:0:TGCTGGAT+NAGGTCGT 150 0 150 0
A01488:311:HHFKJDSXC:1:1101:10167:1031 2:N:0:TGCTGGAT+NAGGTCGT 150 0 150 0
A01488:311:HHFKJDSXC:1:1101:10420:1031 1:N:0:TGCTGGAT+NAGGTCGT 148 0 148 2
A01488:311:HHFKJDSXC:1:1101:10420:1031 2:N:0:TGCTGGAT+NAGGTCGT 150 0 150 0
A01488:311:HHFKJDSXC:1:1101:10438:1031 1:N:0:TGCTGGAT+NAGGTCGT 150 0 150 0
A01488:311:HHFKJDSXC:1:1101:10438:1031 2:N:0:TGCTGGAT+NAGGTCGT 150 0 150 0
A01488:311:HHFKJDSXC:1:1101:10728:1031 1:N:0:TGCTGGAT+NAGGTCGT 150 0 150 0
A01488:311:HHFKJDSXC:1:1101:10728:1031 2:N:0:TGCTGGAT+NAGGTCGT 150 0 150 0
A01488:311:HHFKJDSXC:1:1101:11035:1031 1:N:0:TGCTGGAT+NAGGTCGT 150 0 150 0
A01488:311:HHFKJDSXC:1:1101:11035:1031 2:N:0:TGCTGGAT+NAGGTCGT 150 0 150 0
A01488:311:HHFKJDSXC:1:1101:11234:1031 1:N:0:TGCTGGAT+NAGGTCGT 150 0 150 0
A01488:311:HHFKJDSXC:1:1101:11234:1031 2:N:0:TGCTGGAT+NAGGTCGT 150 0 150 0
A01488:311:HHFKJDSXC:1:1101:11324:1031 1:N:0:TGCTGGAT+NAGGTCGT 150 0 150 0
A01488:311:HHFKJDSXC:1:1101:11324:1031 2:N:0:TGCTGGAT+NAGGTCGT 150 0 150 0
A01488:311:HHFKJDSXC:1:1101:11632:1031 1:N:0:TGCTGGAT+NAGGTCGT 150 0 150 0
A01488:311:HHFKJDSXC:1:1101:11632:1031 2:N:0:TGCTGGAT+NAGGTCGT 150 0 150 0
A01488:311:HHFKJDSXC:1:1101:11722:1031 1:N:0:TGCTGGAT+NAGGTCGT 150 0 150 0
A01488:311:HHFKJDSXC:1:1101:11722:1031 2:N:0:TGCTGGAT+NAGGTCGT 150 0 150 0
A01488:311:HHFKJDSXC:1:1101:12102:1031 1:N:0:TGCTGGAT+NAGGTCGT 150 0 150 0
A01488:311:HHFKJDSXC:1:1101:12102:1031 2:N:0:TGCTGGAT+NAGGTCGT 150 0 150 0
A01488:311:HHFKJDSXC:1:1101:12843:1031 1:N:0:TGCTGGAT+NAGGTCGT 150 0 150 0
A01488:311:HHFKJDSXC:1:1101:12843:1031 2:N:0:TGCTGGAT+NAGGTCGT 150 0 150 0
A01488:311:HHFKJDSXC:1:1101:13386:1031 1:N:0:TGCTGGAT+NAGGTCGT 150 0 150 0
A01488:311:HHFKJDSXC:1:1101:13386:1031 2:N:0:TGCTGGAT+NAGGTCGT 150 0 150 0
A01488:311:HHFKJDSXC:1:1101:13494:1031 1:N:0:TGCTGGAT+NAGGTCGT 150 0 150 0
A01488:311:HHFKJDSXC:1:1101:13494:1031 2:N:0:TGCTGGAT+NAGGTCGT 150 0 150 0
A01488:311:HHFKJDSXC:1:1101:13729:1031 1:N:0:TGCTGGAT+NAGGTCGT 150 0 150 0
A01488:311:HHFKJDSXC:1:1101:13729:1031 2:N:0:TGCTGGAT+NAGGTCGT 150 0 150 0
A01488:311:HHFKJDSXC:1:1101:14073:1031 1:N:0:TGCTGGAT+NAGGTCGT 150 0 150 0
A01488:311:HHFKJDSXC:1:1101:14073:1031 2:N:0:TGCTGGAT+NAGGTCGT 150 0 150 0
A01488:311:HHFKJDSXC:1:1101:14163:1031 1:N:0:TGCTGGAT+NAGGTCGT 150 0 150 0
A01488:311:HHFKJDSXC:1:1101:14163:1031 2:N:0:TGCTGGAT+NAGGTCGT 150 0 150 0
A01488:311:HHFKJDSXC:1:1101:14724:1031 1:N:0:TGCTGGAT+NAGGTCGT 150 0 150 0
A01488:311:HHFKJDSXC:1:1101:14724:1031 2:N:0:TGCTGGAT+NAGGTCGT 150 0 150 0
A01488:311:HHFKJDSXC:1:1101:14742:1031 1:N:0:TGCTGGAT+NAGGTCGT 148 0 148 2
A01488:311:HHFKJDSXC:1:1101:14742:1031 2:N:0:TGCTGGAT+NAGGTCGT 150 0 150 0
A01488:311:HHFKJDSXC:1:1101:14922:1031 1:N:0:TGCTGGAT+NAGGTCGT 150 0 150 0
A01488:311:HHFKJDSXC:1:1101:14922:1031 2:N:0:TGCTGGAT+NAGGTCGT 150 0 150 0
A01488:311:HHFKJDSXC:1:1101:15085:1031 1:N:0:TGCTGGAT+NAGGTCGT 150 0 150 0
A01488:311:HHFKJDSXC:1:1101:15085:1031 2:N:0:TGCTGGAT+NAGGTCGT 149 1 150 0
A01488:311:HHFKJDSXC:1:1101:15103:1031 1:N:0:TGCTGGAT+NAGGTCGT 150 0 150 0
A01488:311:HHFKJDSXC:1:1101:15103:1031 2:N:0:TGCTGGAT+NAGGTCGT 150 0 150 0
A01488:311:HHFKJDSXC:1:1101:15754:1031 1:N:0:TGCTGGAT+NAGGTCGT 150 0 150 0
A01488:311:HHFKJDSXC:1:1101:15754:1031 2:N:0:TGCTGGAT+NAGGTCGT 150 0 150 0
A01488:311:HHFKJDSXC:1:1101:15989:1031 1:N:0:TGCTGGAT+NAGGTCGT 150 0 150 0
A01488:311:HHFKJDSXC:1:1101:15989:1031 2:N:0:TGCTGGAT+NAGGTCGT 150 0 150 0
A01488:311:HHFKJDSXC:1:1101:16043:1031 1:N:0:TGCTGGAT+NAGGTCGT 150 0 150 0
A01488:311:HHFKJDSXC:1:1101:16043:1031 2:N:0:TGCTGGAT+NAGGTCGT 150 0 150 0
A01488:311:HHFKJDSXC:1:1101:16224:1031 1:N:0:TGCTGGAT+NAGGTCGT 150 0 150 0
A01488:311:HHFKJDSXC:1:1101:16224:1031 2:N:0:TGCTGGAT+NAGGTCGT 150 0 150 0
A01488:311:HHFKJDSXC:1:1101:16586:1031 1:N:0:TGCTGGAT+NAGGTCGT 150 0 150 0
A01488:311:HHFKJDSXC:1:1101:16586:1031 2:N:0:TGCTGGAT+NAGGTCGT 150 0 150 0
A01488:311:HHFKJDSXC:1:1101:16604:1031 1:N:0:TGCTGGAT+NAGGTCGT 150 0 150 0
A01488:311:HHFKJDSXC:1:1101:16604:1031 2:N:0:TGCTGGAT+NAGGTCGT 150 0 150 0
A01488:311:HHFKJDSXC:1:1101:16749:1031 1:N:0:TGCTGGAT+NAGGTCGT 150 0 150 0
A01488:311:HHFKJDSXC:1:1101:16749:1031 2:N:0:TGCTGGAT+NAGGTCGT 150 0 150 0
A01488:311:HHFKJDSXC:1:1101:17273:1031 1:N:0:TGCTGGAT+NAGGTCGT 150 0 150 0
A01488:311:HHFKJDSXC:1:1101:17273:1031 2:N:0:TGCTGGAT+NAGGTCGT 150 0 150 0
A01488:311:HHFKJDSXC:1:1101:17707:1031 1:N:0:TGCTGGAT+NAGGTCGT 150 0 150 0
A01488:311:HHFKJDSXC:1:1101:17707:1031 2:N:0:TGCTGGAT+NAGGTCGT 150 0 150 0
A01488:311:HHFKJDSXC:1:1101:17797:1031 1:N:0:TGCTGGAT+NAGGTCGT 150 0 150 0
A01488:311:HHFKJDSXC:1:1101:17797:1031 2:N:0:TGCTGGAT+NAGGTCGT 150 0 150 0
A01488:311:HHFKJDSXC:1:1101:17888:1031 1:N:0:TGCTGGAT+NAGGTCGT 150 0 150 0
A01488:311:HHFKJDSXC:1:1101:17888:1031 2:N:0:TGCTGGAT+NAGGTCGT 150 0 150 0
A01488:311:HHFKJDSXC:1:1101:18756:1031 1:N:0:TGCTGGAT+NAGGTCGT 150 0 150 0
A01488:311:HHFKJDSXC:1:1101:18756:1031 2:N:0:TGCTGGAT+NAGGTCGT 150 0 150 0
A01488:311:HHFKJDSXC:1:1101:19208:1031 1:N:0:TGCTGGAT+NAGGTCGT 150 0 150 0
A01488:311:HHFKJDSXC:1:1101:19208:1031 2:N:0:TGCTGGAT+NAGGTCGT 150 0 150 0
A01488:311:HHFKJDSXC:1:1101:19298:1031 1:N:0:TGCTGGAT+NAGGTCGT 150 0 150 0
A01488:311:HHFKJDSXC:1:1101:19298:1031 2:N:0:TGCTGGAT+NAGGTCGT 150 0 150 0
A01488:311:HHFKJDSXC:1:1101:19352:1031 1:N:0:TGCTGGAT+NAGGTCGT 150 0 150 0
A01488:311:HHFKJDSXC:1:1101:19352:1031 2:N:0:TGCTGGAT+NAGGTCGT 150 0 150 0
